2022-04-25 14:03:54.681  INFO [authorizationService,,] 14316 --- [restartedMain] c.c.AuthorizationMicroserviceApplication : Starting AuthorizationMicroserviceApplication using Java 1.8.0_141 on LTIN310484 with PID 14316 (C:\Users\894566\OneDrive - Cognizant\Desktop\FSE0\Pension management\PensionManagementSystem-master\PensionManagementSystem-master\authorization-microservice\target\classes started by 894566 in C:\Users\894566\OneDrive - Cognizant\Desktop\FSE0\Pension management\PensionManagementSystem-master\PensionManagementSystem-master\authorization-microservice)
2022-04-25 14:03:54.709  INFO [authorizationService,,] 14316 --- [restartedMain] c.c.AuthorizationMicroserviceApplication : No active profile set, falling back to default profiles: default
2022-04-25 14:03:54.836  INFO [authorizationService,,] 14316 --- [restartedMain] .e.DevToolsPropertyDefaultsPostProcessor : Devtools property defaults active! Set 'spring.devtools.add-properties' to 'false' to disable
2022-04-25 14:03:54.836  INFO [authorizationService,,] 14316 --- [restartedMain] .e.DevToolsPropertyDefaultsPostProcessor : For additional web related logging consider setting the 'logging.level.web' property to 'DEBUG'
2022-04-25 14:03:56.658  INFO [authorizationService,,] 14316 --- [restartedMain] .s.d.r.c.RepositoryConfigurationDelegate : Bootstrapping Spring Data JPA repositories in DEFAULT mode.
2022-04-25 14:03:56.744  INFO [authorizationService,,] 14316 --- [restartedMain] .s.d.r.c.RepositoryConfigurationDelegate : Finished Spring Data repository scanning in 71 ms. Found 1 JPA repository interfaces.
2022-04-25 14:03:57.252  INFO [authorizationService,,] 14316 --- [restartedMain] o.s.cloud.context.scope.GenericScope     : BeanFactory id=528b1acf-83df-34cd-88dd-6d1010a2cef8
2022-04-25 14:03:58.919  INFO [authorizationService,,] 14316 --- [restartedMain] o.s.b.w.embedded.tomcat.TomcatWebServer  : Tomcat initialized with port(s): 9090 (http)
2022-04-25 14:03:58.935  INFO [authorizationService,,] 14316 --- [restartedMain] o.apache.catalina.core.StandardService   : Starting service [Tomcat]
2022-04-25 14:03:58.935  INFO [authorizationService,,] 14316 --- [restartedMain] org.apache.catalina.core.StandardEngine  : Starting Servlet engine: [Apache Tomcat/9.0.50]
2022-04-25 14:03:59.137  INFO [authorizationService,,] 14316 --- [restartedMain] o.a.c.c.C.[Tomcat].[localhost].[/]       : Initializing Spring embedded WebApplicationContext
2022-04-25 14:03:59.138  INFO [authorizationService,,] 14316 --- [restartedMain] w.s.c.ServletWebServerApplicationContext : Root WebApplicationContext: initialization completed in 4301 ms
2022-04-25 14:03:59.270  INFO [authorizationService,,] 14316 --- [restartedMain] com.zaxxer.hikari.HikariDataSource       : HikariPool-1 - Starting...
2022-04-25 14:03:59.606  INFO [authorizationService,,] 14316 --- [restartedMain] com.zaxxer.hikari.HikariDataSource       : HikariPool-1 - Start completed.
2022-04-25 14:03:59.616  INFO [authorizationService,,] 14316 --- [restartedMain] o.s.b.a.h2.H2ConsoleAutoConfiguration    : H2 console available at '/h2-console'. Database available at 'jdbc:h2:mem:testDB'
2022-04-25 14:04:00.238  INFO [authorizationService,,] 14316 --- [restartedMain] o.hibernate.jpa.internal.util.LogHelper  : HHH000204: Processing PersistenceUnitInfo [name: default]
2022-04-25 14:04:00.338  INFO [authorizationService,,] 14316 --- [restartedMain] org.hibernate.Version                    : HHH000412: Hibernate ORM core version 5.4.32.Final
2022-04-25 14:04:00.599  INFO [authorizationService,,] 14316 --- [restartedMain] o.hibernate.annotations.common.Version   : HCANN000001: Hibernate Commons Annotations {5.1.2.Final}
2022-04-25 14:04:00.831  INFO [authorizationService,,] 14316 --- [restartedMain] org.hibernate.dialect.Dialect            : HHH000400: Using dialect: org.hibernate.dialect.H2Dialect
2022-04-25 14:04:01.719  INFO [authorizationService,,] 14316 --- [restartedMain] o.h.e.t.j.p.i.JtaPlatformInitiator       : HHH000490: Using JtaPlatform implementation: [org.hibernate.engine.transaction.jta.platform.internal.NoJtaPlatform]
2022-04-25 14:04:01.761  INFO [authorizationService,,] 14316 --- [restartedMain] j.LocalContainerEntityManagerFactoryBean : Initialized JPA EntityManagerFactory for persistence unit 'default'
2022-04-25 14:04:03.437  INFO [authorizationService,,] 14316 --- [restartedMain] o.s.b.d.a.OptionalLiveReloadServer       : LiveReload server is running on port 35729
2022-04-25 14:04:03.775  WARN [authorizationService,,] 14316 --- [restartedMain] JpaBaseConfiguration$JpaWebConfiguration : spring.jpa.open-in-view is enabled by default. Therefore, database queries may be performed during view rendering. Explicitly configure spring.jpa.open-in-view to disable this warning
2022-04-25 14:04:05.232  INFO [authorizationService,,] 14316 --- [restartedMain] o.s.s.web.DefaultSecurityFilterChain     : Will secure any request with [org.springframework.security.web.context.request.async.WebAsyncManagerIntegrationFilter@473bd0b2, org.springframework.security.web.context.SecurityContextPersistenceFilter@5ceb0c80, org.springframework.security.web.header.HeaderWriterFilter@4ad12648, org.springframework.security.web.authentication.logout.LogoutFilter@2efdce15, com.cognizant.filter.JwtFilter@5881bcf7, org.springframework.security.web.savedrequest.RequestCacheAwareFilter@40bffc08, org.springframework.security.web.servletapi.SecurityContextHolderAwareRequestFilter@423f80db, org.springframework.security.web.authentication.AnonymousAuthenticationFilter@3534dc26, org.springframework.security.web.session.SessionManagementFilter@3150ed7b, org.springframework.security.web.access.ExceptionTranslationFilter@406556a9, org.springframework.security.web.access.intercept.FilterSecurityInterceptor@7ce79d40]
2022-04-25 14:04:07.280  INFO [authorizationService,,] 14316 --- [restartedMain] o.s.b.w.embedded.tomcat.TomcatWebServer  : Tomcat started on port(s): 9090 (http) with context path ''
2022-04-25 14:04:07.921  INFO [authorizationService,,] 14316 --- [restartedMain] d.s.w.p.DocumentationPluginsBootstrapper : Context refreshed
2022-04-25 14:04:07.948  INFO [authorizationService,,] 14316 --- [restartedMain] d.s.w.p.DocumentationPluginsBootstrapper : Found 1 custom documentation plugin(s)
2022-04-25 14:04:07.965  INFO [authorizationService,,] 14316 --- [restartedMain] s.d.s.w.s.ApiListingReferenceScanner     : Scanning for api listing references
2022-04-25 14:04:08.220  INFO [authorizationService,,] 14316 --- [restartedMain] c.c.AuthorizationMicroserviceApplication : Started AuthorizationMicroserviceApplication in 14.726 seconds (JVM running for 15.537)
2022-04-25 14:06:08.857  INFO [authorizationService,,] 14316 --- [http-nio-9090-exec-1] o.a.c.c.C.[Tomcat].[localhost].[/]       : Initializing Spring DispatcherServlet 'dispatcherServlet'
2022-04-25 14:06:08.858  INFO [authorizationService,,] 14316 --- [http-nio-9090-exec-1] o.s.web.servlet.DispatcherServlet        : Initializing Servlet 'dispatcherServlet'
2022-04-25 14:06:08.860  INFO [authorizationService,,] 14316 --- [http-nio-9090-exec-1] o.s.web.servlet.DispatcherServlet        : Completed initialization in 2 ms
2022-04-25 14:06:09.011  INFO [authorizationService,2627daf38a761db6,079f0ec53aadc5eb] 14316 --- [http-nio-9090-exec-1] c.c.controller.AuthorizationController   : STARTED - generateToken
2022-04-25 14:06:09.013  INFO [authorizationService,2627daf38a761db6,079f0ec53aadc5eb] 14316 --- [http-nio-9090-exec-1] c.c.service.CustomUserDetailService      : STARTED - loadUserByUsername
2022-04-25 14:06:09.191  INFO [authorizationService,2627daf38a761db6,079f0ec53aadc5eb] 14316 --- [http-nio-9090-exec-1] c.c.service.CustomUserDetailService      : END - loadUserByUsername
2022-04-25 14:06:09.194  INFO [authorizationService,2627daf38a761db6,079f0ec53aadc5eb] 14316 --- [http-nio-9090-exec-1] c.c.controller.AuthorizationController   : END - generateToken
2022-04-25 14:06:46.282  INFO [authorizationService,8fadf324f07bc3dd,f839c935f7618499] 14316 --- [http-nio-9090-exec-2] c.c.controller.AuthorizationController   : STARTED - generateToken
2022-04-25 14:06:46.282  INFO [authorizationService,8fadf324f07bc3dd,f839c935f7618499] 14316 --- [http-nio-9090-exec-2] c.c.service.CustomUserDetailService      : STARTED - loadUserByUsername
2022-04-25 14:06:46.283  INFO [authorizationService,8fadf324f07bc3dd,f839c935f7618499] 14316 --- [http-nio-9090-exec-2] c.c.service.CustomUserDetailService      : END - loadUserByUsername
2022-04-25 14:06:46.284  INFO [authorizationService,8fadf324f07bc3dd,f839c935f7618499] 14316 --- [http-nio-9090-exec-2] c.c.controller.AuthorizationController   : END - generateToken
2022-04-25 14:11:55.967  INFO [authorizationService,,] 14316 --- [Thread-7] j.LocalContainerEntityManagerFactoryBean : Closing JPA EntityManagerFactory for persistence unit 'default'
2022-04-25 14:11:55.968  INFO [authorizationService,,] 14316 --- [Thread-7] .SchemaDropperImpl$DelayedDropActionImpl : HHH000477: Starting delayed evictData of schema as part of SessionFactory shut-down'
2022-04-25 14:11:56.186  WARN [authorizationService,,] 14316 --- [Thread-7] o.s.b.f.support.DisposableBeanAdapter    : Invocation of destroy method failed on bean with name 'inMemoryDatabaseShutdownExecutor': org.h2.jdbc.JdbcSQLNonTransientConnectionException: Database is already closed (to disable automatic closing at VM shutdown, add ";DB_CLOSE_ON_EXIT=FALSE" to the db URL) [90121-200]
2022-04-25 14:11:56.186  INFO [authorizationService,,] 14316 --- [Thread-7] com.zaxxer.hikari.HikariDataSource       : HikariPool-1 - Shutdown initiated...
2022-04-25 14:11:56.190  INFO [authorizationService,,] 14316 --- [Thread-7] com.zaxxer.hikari.HikariDataSource       : HikariPool-1 - Shutdown completed.
2022-04-25 14:11:56.898  INFO [authorizationService,,] 14316 --- [restartedMain] c.c.AuthorizationMicroserviceApplication : Starting AuthorizationMicroserviceApplication using Java 1.8.0_141 on LTIN310484 with PID 14316 (C:\Users\894566\OneDrive - Cognizant\Desktop\FSE0\Pension management\PensionManagementSystem-master\PensionManagementSystem-master\authorization-microservice\target\classes started by 894566 in C:\Users\894566\OneDrive - Cognizant\Desktop\FSE0\Pension management\PensionManagementSystem-master\PensionManagementSystem-master\authorization-microservice)
2022-04-25 14:11:56.898  INFO [authorizationService,,] 14316 --- [restartedMain] c.c.AuthorizationMicroserviceApplication : No active profile set, falling back to default profiles: default
2022-04-25 14:11:57.603  INFO [authorizationService,,] 14316 --- [restartedMain] .s.d.r.c.RepositoryConfigurationDelegate : Bootstrapping Spring Data JPA repositories in DEFAULT mode.
2022-04-25 14:11:57.634  INFO [authorizationService,,] 14316 --- [restartedMain] .s.d.r.c.RepositoryConfigurationDelegate : Finished Spring Data repository scanning in 30 ms. Found 1 JPA repository interfaces.
2022-04-25 14:11:57.801  INFO [authorizationService,,] 14316 --- [restartedMain] o.s.cloud.context.scope.GenericScope     : BeanFactory id=528b1acf-83df-34cd-88dd-6d1010a2cef8
2022-04-25 14:11:58.092  INFO [authorizationService,,] 14316 --- [restartedMain] o.s.b.w.embedded.tomcat.TomcatWebServer  : Tomcat initialized with port(s): 9090 (http)
2022-04-25 14:11:58.093  INFO [authorizationService,,] 14316 --- [restartedMain] o.apache.catalina.core.StandardService   : Starting service [Tomcat]
2022-04-25 14:11:58.094  INFO [authorizationService,,] 14316 --- [restartedMain] org.apache.catalina.core.StandardEngine  : Starting Servlet engine: [Apache Tomcat/9.0.50]
2022-04-25 14:11:58.119  INFO [authorizationService,,] 14316 --- [restartedMain] o.a.c.c.C.[Tomcat].[localhost].[/]       : Initializing Spring embedded WebApplicationContext
2022-04-25 14:11:58.120  INFO [authorizationService,,] 14316 --- [restartedMain] w.s.c.ServletWebServerApplicationContext : Root WebApplicationContext: initialization completed in 1217 ms
2022-04-25 14:11:58.169  INFO [authorizationService,,] 14316 --- [restartedMain] com.zaxxer.hikari.HikariDataSource       : HikariPool-2 - Starting...
2022-04-25 14:11:58.172  INFO [authorizationService,,] 14316 --- [restartedMain] com.zaxxer.hikari.HikariDataSource       : HikariPool-2 - Start completed.
2022-04-25 14:11:58.173  INFO [authorizationService,,] 14316 --- [restartedMain] o.s.b.a.h2.H2ConsoleAutoConfiguration    : H2 console available at '/h2-console'. Database available at 'jdbc:h2:mem:testDB'
2022-04-25 14:11:58.288  INFO [authorizationService,,] 14316 --- [restartedMain] o.hibernate.jpa.internal.util.LogHelper  : HHH000204: Processing PersistenceUnitInfo [name: default]
2022-04-25 14:11:58.295  INFO [authorizationService,,] 14316 --- [restartedMain] org.hibernate.dialect.Dialect            : HHH000400: Using dialect: org.hibernate.dialect.H2Dialect
2022-04-25 14:11:58.327  INFO [authorizationService,,] 14316 --- [restartedMain] o.h.e.t.j.p.i.JtaPlatformInitiator       : HHH000490: Using JtaPlatform implementation: [org.hibernate.engine.transaction.jta.platform.internal.NoJtaPlatform]
2022-04-25 14:11:58.328  INFO [authorizationService,,] 14316 --- [restartedMain] j.LocalContainerEntityManagerFactoryBean : Initialized JPA EntityManagerFactory for persistence unit 'default'
2022-04-25 14:11:58.609  INFO [authorizationService,,] 14316 --- [restartedMain] o.s.b.d.a.OptionalLiveReloadServer       : LiveReload server is running on port 35729
2022-04-25 14:11:58.696  WARN [authorizationService,,] 14316 --- [restartedMain] JpaBaseConfiguration$JpaWebConfiguration : spring.jpa.open-in-view is enabled by default. Therefore, database queries may be performed during view rendering. Explicitly configure spring.jpa.open-in-view to disable this warning
2022-04-25 14:11:59.174  INFO [authorizationService,,] 14316 --- [restartedMain] o.s.s.web.DefaultSecurityFilterChain     : Will secure any request with [org.springframework.security.web.context.request.async.WebAsyncManagerIntegrationFilter@2a0e05e8, org.springframework.security.web.context.SecurityContextPersistenceFilter@62e99539, org.springframework.security.web.header.HeaderWriterFilter@6ffc8291, org.springframework.security.web.authentication.logout.LogoutFilter@325360ae, com.cognizant.filter.JwtFilter@47eb2c50, org.springframework.security.web.savedrequest.RequestCacheAwareFilter@339aadf2, org.springframework.security.web.servletapi.SecurityContextHolderAwareRequestFilter@66ba1e49, org.springframework.security.web.authentication.AnonymousAuthenticationFilter@918fed6, org.springframework.security.web.session.SessionManagementFilter@568eb348, org.springframework.security.web.access.ExceptionTranslationFilter@79200843, org.springframework.security.web.access.intercept.FilterSecurityInterceptor@5c9839c4]
2022-04-25 14:12:00.363  INFO [authorizationService,,] 14316 --- [restartedMain] o.s.b.w.embedded.tomcat.TomcatWebServer  : Tomcat started on port(s): 9090 (http) with context path ''
2022-04-25 14:12:00.923  INFO [authorizationService,,] 14316 --- [restartedMain] d.s.w.p.DocumentationPluginsBootstrapper : Context refreshed
2022-04-25 14:12:00.924  INFO [authorizationService,,] 14316 --- [restartedMain] d.s.w.p.DocumentationPluginsBootstrapper : Found 1 custom documentation plugin(s)
2022-04-25 14:12:00.929  INFO [authorizationService,,] 14316 --- [restartedMain] s.d.s.w.s.ApiListingReferenceScanner     : Scanning for api listing references
2022-04-25 14:12:00.947  INFO [authorizationService,,] 14316 --- [restartedMain] c.c.AuthorizationMicroserviceApplication : Started AuthorizationMicroserviceApplication in 4.581 seconds (JVM running for 488.264)
2022-04-25 14:12:00.950  INFO [authorizationService,,] 14316 --- [restartedMain] .ConditionEvaluationDeltaLoggingListener : Condition evaluation unchanged
2022-05-19 17:52:35.756  INFO [authorizationService,,] 1248 --- [restartedMain] c.c.AuthorizationMicroserviceApplication : Starting AuthorizationMicroserviceApplication using Java 15.0.2 on sam with PID 1248 (C:\Users\sumit sahane\Downloads\5_6068926584683758823\authorization-microservice\target\classes started by sumit sahane in C:\Users\sumit sahane\Downloads\5_6068926584683758823\authorization-microservice)
2022-05-19 17:52:35.822  INFO [authorizationService,,] 1248 --- [restartedMain] c.c.AuthorizationMicroserviceApplication : No active profile set, falling back to default profiles: default
2022-05-19 17:52:36.836  INFO [authorizationService,,] 1248 --- [restartedMain] .e.DevToolsPropertyDefaultsPostProcessor : Devtools property defaults active! Set 'spring.devtools.add-properties' to 'false' to disable
2022-05-19 17:52:36.840  INFO [authorizationService,,] 1248 --- [restartedMain] .e.DevToolsPropertyDefaultsPostProcessor : For additional web related logging consider setting the 'logging.level.web' property to 'DEBUG'
2022-05-19 17:52:41.660  INFO [authorizationService,,] 1248 --- [restartedMain] .s.d.r.c.RepositoryConfigurationDelegate : Bootstrapping Spring Data JPA repositories in DEFAULT mode.
2022-05-19 17:52:41.868  INFO [authorizationService,,] 1248 --- [restartedMain] .s.d.r.c.RepositoryConfigurationDelegate : Finished Spring Data repository scanning in 181 ms. Found 1 JPA repository interfaces.
2022-05-19 17:52:44.586  INFO [authorizationService,,] 1248 --- [restartedMain] o.s.cloud.context.scope.GenericScope     : BeanFactory id=528b1acf-83df-34cd-88dd-6d1010a2cef8
2022-05-19 17:52:48.029  INFO [authorizationService,,] 1248 --- [restartedMain] o.s.b.w.embedded.tomcat.TomcatWebServer  : Tomcat initialized with port(s): 9090 (http)
2022-05-19 17:52:48.072  INFO [authorizationService,,] 1248 --- [restartedMain] o.apache.catalina.core.StandardService   : Starting service [Tomcat]
2022-05-19 17:52:48.073  INFO [authorizationService,,] 1248 --- [restartedMain] org.apache.catalina.core.StandardEngine  : Starting Servlet engine: [Apache Tomcat/9.0.50]
2022-05-19 17:52:48.516  INFO [authorizationService,,] 1248 --- [restartedMain] o.a.c.c.C.[Tomcat].[localhost].[/]       : Initializing Spring embedded WebApplicationContext
2022-05-19 17:52:48.519  INFO [authorizationService,,] 1248 --- [restartedMain] w.s.c.ServletWebServerApplicationContext : Root WebApplicationContext: initialization completed in 11672 ms
2022-05-19 17:52:48.836  INFO [authorizationService,,] 1248 --- [restartedMain] com.zaxxer.hikari.HikariDataSource       : HikariPool-1 - Starting...
2022-05-19 17:52:49.710  INFO [authorizationService,,] 1248 --- [restartedMain] com.zaxxer.hikari.HikariDataSource       : HikariPool-1 - Start completed.
2022-05-19 17:52:49.747  INFO [authorizationService,,] 1248 --- [restartedMain] o.s.b.a.h2.H2ConsoleAutoConfiguration    : H2 console available at '/h2-console'. Database available at 'jdbc:h2:mem:testDB'
2022-05-19 17:52:50.834  INFO [authorizationService,,] 1248 --- [restartedMain] o.hibernate.jpa.internal.util.LogHelper  : HHH000204: Processing PersistenceUnitInfo [name: default]
2022-05-19 17:52:51.006  INFO [authorizationService,,] 1248 --- [restartedMain] org.hibernate.Version                    : HHH000412: Hibernate ORM core version 5.4.32.Final
2022-05-19 17:52:51.471  INFO [authorizationService,,] 1248 --- [restartedMain] o.hibernate.annotations.common.Version   : HCANN000001: Hibernate Commons Annotations {5.1.2.Final}
2022-05-19 17:52:52.139  INFO [authorizationService,,] 1248 --- [restartedMain] org.hibernate.dialect.Dialect            : HHH000400: Using dialect: org.hibernate.dialect.H2Dialect
2022-05-19 17:52:53.729  INFO [authorizationService,,] 1248 --- [restartedMain] o.h.e.t.j.p.i.JtaPlatformInitiator       : HHH000490: Using JtaPlatform implementation: [org.hibernate.engine.transaction.jta.platform.internal.NoJtaPlatform]
2022-05-19 17:52:53.753  INFO [authorizationService,,] 1248 --- [restartedMain] j.LocalContainerEntityManagerFactoryBean : Initialized JPA EntityManagerFactory for persistence unit 'default'
2022-05-19 17:52:56.697  INFO [authorizationService,,] 1248 --- [restartedMain] o.s.b.d.a.OptionalLiveReloadServer       : LiveReload server is running on port 35729
2022-05-19 17:52:57.449  WARN [authorizationService,,] 1248 --- [restartedMain] JpaBaseConfiguration$JpaWebConfiguration : spring.jpa.open-in-view is enabled by default. Therefore, database queries may be performed during view rendering. Explicitly configure spring.jpa.open-in-view to disable this warning
2022-05-19 17:53:01.010  INFO [authorizationService,,] 1248 --- [restartedMain] o.s.s.web.DefaultSecurityFilterChain     : Will secure any request with [org.springframework.security.web.context.request.async.WebAsyncManagerIntegrationFilter@6dfc2471, org.springframework.security.web.context.SecurityContextPersistenceFilter@8ad645e, org.springframework.security.web.header.HeaderWriterFilter@5d9f59a7, org.springframework.security.web.authentication.logout.LogoutFilter@26dd6f1e, com.cognizant.filter.JwtFilter@77768fa6, org.springframework.security.web.savedrequest.RequestCacheAwareFilter@64cbd8d7, org.springframework.security.web.servletapi.SecurityContextHolderAwareRequestFilter@1cac462e, org.springframework.security.web.authentication.AnonymousAuthenticationFilter@36816cb1, org.springframework.security.web.session.SessionManagementFilter@7caad5da, org.springframework.security.web.access.ExceptionTranslationFilter@16c39521, org.springframework.security.web.access.intercept.FilterSecurityInterceptor@70d956a5]
2022-05-19 17:53:04.260  INFO [authorizationService,,] 1248 --- [restartedMain] o.s.b.w.embedded.tomcat.TomcatWebServer  : Tomcat started on port(s): 9090 (http) with context path ''
2022-05-19 17:53:04.433  INFO [authorizationService,,] 1248 --- [restartedMain] d.s.w.p.DocumentationPluginsBootstrapper : Context refreshed
2022-05-19 17:53:04.472  INFO [authorizationService,,] 1248 --- [restartedMain] d.s.w.p.DocumentationPluginsBootstrapper : Found 1 custom documentation plugin(s)
2022-05-19 17:53:04.501  INFO [authorizationService,,] 1248 --- [restartedMain] s.d.s.w.s.ApiListingReferenceScanner     : Scanning for api listing references
2022-05-19 17:53:05.141  INFO [authorizationService,,] 1248 --- [restartedMain] c.c.AuthorizationMicroserviceApplication : Started AuthorizationMicroserviceApplication in 31.379 seconds (JVM running for 33.847)
2022-05-19 17:59:56.991  INFO [authorizationService,,] 1248 --- [Thread-6] j.LocalContainerEntityManagerFactoryBean : Closing JPA EntityManagerFactory for persistence unit 'default'
2022-05-19 17:59:56.999  INFO [authorizationService,,] 1248 --- [Thread-6] .SchemaDropperImpl$DelayedDropActionImpl : HHH000477: Starting delayed evictData of schema as part of SessionFactory shut-down'
2022-05-19 17:59:57.598  WARN [authorizationService,,] 1248 --- [Thread-6] o.s.b.f.support.DisposableBeanAdapter    : Invocation of destroy method failed on bean with name 'inMemoryDatabaseShutdownExecutor': org.h2.jdbc.JdbcSQLNonTransientConnectionException: Database is already closed (to disable automatic closing at VM shutdown, add ";DB_CLOSE_ON_EXIT=FALSE" to the db URL) [90121-200]
2022-05-19 17:59:57.600  INFO [authorizationService,,] 1248 --- [Thread-6] com.zaxxer.hikari.HikariDataSource       : HikariPool-1 - Shutdown initiated...
2022-05-19 17:59:57.609  INFO [authorizationService,,] 1248 --- [Thread-6] com.zaxxer.hikari.HikariDataSource       : HikariPool-1 - Shutdown completed.
2022-05-19 17:59:58.357  INFO [authorizationService,,] 1248 --- [restartedMain] c.c.AuthorizationMicroserviceApplication : Starting AuthorizationMicroserviceApplication using Java 15.0.2 on sam with PID 1248 (C:\Users\sumit sahane\Downloads\5_6068926584683758823\authorization-microservice\target\classes started by sumit sahane in C:\Users\sumit sahane\Downloads\5_6068926584683758823\authorization-microservice)
2022-05-19 17:59:58.359  INFO [authorizationService,,] 1248 --- [restartedMain] c.c.AuthorizationMicroserviceApplication : No active profile set, falling back to default profiles: default
2022-05-19 18:00:01.221  INFO [authorizationService,,] 1248 --- [restartedMain] .s.d.r.c.RepositoryConfigurationDelegate : Bootstrapping Spring Data JPA repositories in DEFAULT mode.
2022-05-19 18:00:01.332  INFO [authorizationService,,] 1248 --- [restartedMain] .s.d.r.c.RepositoryConfigurationDelegate : Finished Spring Data repository scanning in 101 ms. Found 1 JPA repository interfaces.
2022-05-19 18:00:01.917  INFO [authorizationService,,] 1248 --- [restartedMain] o.s.cloud.context.scope.GenericScope     : BeanFactory id=528b1acf-83df-34cd-88dd-6d1010a2cef8
2022-05-19 18:00:02.751  INFO [authorizationService,,] 1248 --- [restartedMain] o.s.b.w.embedded.tomcat.TomcatWebServer  : Tomcat initialized with port(s): 9090 (http)
2022-05-19 18:00:02.755  INFO [authorizationService,,] 1248 --- [restartedMain] o.apache.catalina.core.StandardService   : Starting service [Tomcat]
2022-05-19 18:00:02.756  INFO [authorizationService,,] 1248 --- [restartedMain] org.apache.catalina.core.StandardEngine  : Starting Servlet engine: [Apache Tomcat/9.0.50]
2022-05-19 18:00:02.965  INFO [authorizationService,,] 1248 --- [restartedMain] o.a.c.c.C.[Tomcat].[localhost].[/]       : Initializing Spring embedded WebApplicationContext
2022-05-19 18:00:02.966  INFO [authorizationService,,] 1248 --- [restartedMain] w.s.c.ServletWebServerApplicationContext : Root WebApplicationContext: initialization completed in 4582 ms
2022-05-19 18:00:03.147  INFO [authorizationService,,] 1248 --- [restartedMain] com.zaxxer.hikari.HikariDataSource       : HikariPool-2 - Starting...
2022-05-19 18:00:03.160  INFO [authorizationService,,] 1248 --- [restartedMain] com.zaxxer.hikari.HikariDataSource       : HikariPool-2 - Start completed.
2022-05-19 18:00:03.161  INFO [authorizationService,,] 1248 --- [restartedMain] o.s.b.a.h2.H2ConsoleAutoConfiguration    : H2 console available at '/h2-console'. Database available at 'jdbc:h2:mem:testDB'
2022-05-19 18:00:03.626  INFO [authorizationService,,] 1248 --- [restartedMain] o.hibernate.jpa.internal.util.LogHelper  : HHH000204: Processing PersistenceUnitInfo [name: default]
2022-05-19 18:00:03.666  INFO [authorizationService,,] 1248 --- [restartedMain] org.hibernate.dialect.Dialect            : HHH000400: Using dialect: org.hibernate.dialect.H2Dialect
2022-05-19 18:00:03.820  INFO [authorizationService,,] 1248 --- [restartedMain] o.h.e.t.j.p.i.JtaPlatformInitiator       : HHH000490: Using JtaPlatform implementation: [org.hibernate.engine.transaction.jta.platform.internal.NoJtaPlatform]
2022-05-19 18:00:03.822  INFO [authorizationService,,] 1248 --- [restartedMain] j.LocalContainerEntityManagerFactoryBean : Initialized JPA EntityManagerFactory for persistence unit 'default'
2022-05-19 18:00:05.165  INFO [authorizationService,,] 1248 --- [restartedMain] o.s.b.d.a.OptionalLiveReloadServer       : LiveReload server is running on port 35729
2022-05-19 18:00:05.479  WARN [authorizationService,,] 1248 --- [restartedMain] JpaBaseConfiguration$JpaWebConfiguration : spring.jpa.open-in-view is enabled by default. Therefore, database queries may be performed during view rendering. Explicitly configure spring.jpa.open-in-view to disable this warning
2022-05-19 18:00:06.956  INFO [authorizationService,,] 1248 --- [restartedMain] o.s.s.web.DefaultSecurityFilterChain     : Will secure any request with [org.springframework.security.web.context.request.async.WebAsyncManagerIntegrationFilter@44c53d87, org.springframework.security.web.context.SecurityContextPersistenceFilter@167e2ef2, org.springframework.security.web.header.HeaderWriterFilter@3d9846a1, org.springframework.security.web.authentication.logout.LogoutFilter@2bdf423c, com.cognizant.filter.JwtFilter@7d643630, org.springframework.security.web.savedrequest.RequestCacheAwareFilter@7f3a4331, org.springframework.security.web.servletapi.SecurityContextHolderAwareRequestFilter@48f407d4, org.springframework.security.web.authentication.AnonymousAuthenticationFilter@5a0e851d, org.springframework.security.web.session.SessionManagementFilter@60d7b3a8, org.springframework.security.web.access.ExceptionTranslationFilter@71b94d5e, org.springframework.security.web.access.intercept.FilterSecurityInterceptor@1a564a6]
2022-05-19 18:00:08.869  INFO [authorizationService,,] 1248 --- [restartedMain] o.s.b.w.embedded.tomcat.TomcatWebServer  : Tomcat started on port(s): 9090 (http) with context path ''
2022-05-19 18:00:09.074  INFO [authorizationService,,] 1248 --- [restartedMain] d.s.w.p.DocumentationPluginsBootstrapper : Context refreshed
2022-05-19 18:00:09.076  INFO [authorizationService,,] 1248 --- [restartedMain] d.s.w.p.DocumentationPluginsBootstrapper : Found 1 custom documentation plugin(s)
2022-05-19 18:00:09.082  INFO [authorizationService,,] 1248 --- [restartedMain] s.d.s.w.s.ApiListingReferenceScanner     : Scanning for api listing references
2022-05-19 18:00:09.140  INFO [authorizationService,,] 1248 --- [restartedMain] c.c.AuthorizationMicroserviceApplication : Started AuthorizationMicroserviceApplication in 11.269 seconds (JVM running for 457.847)
2022-05-19 18:00:09.146  INFO [authorizationService,,] 1248 --- [restartedMain] .ConditionEvaluationDeltaLoggingListener : Condition evaluation unchanged
2022-05-19 18:01:45.364  INFO [authorizationService,,] 3428 --- [restartedMain] c.c.AuthorizationMicroserviceApplication : Starting AuthorizationMicroserviceApplication using Java 15.0.2 on sam with PID 3428 (C:\Users\sumit sahane\Downloads\5_6068926584683758823\authorization-microservice\target\classes started by sumit sahane in C:\Users\sumit sahane\Downloads\5_6068926584683758823\authorization-microservice)
2022-05-19 18:01:45.393  INFO [authorizationService,,] 3428 --- [restartedMain] c.c.AuthorizationMicroserviceApplication : No active profile set, falling back to default profiles: default
2022-05-19 18:01:45.848  INFO [authorizationService,,] 3428 --- [restartedMain] .e.DevToolsPropertyDefaultsPostProcessor : Devtools property defaults active! Set 'spring.devtools.add-properties' to 'false' to disable
2022-05-19 18:01:45.851  INFO [authorizationService,,] 3428 --- [restartedMain] .e.DevToolsPropertyDefaultsPostProcessor : For additional web related logging consider setting the 'logging.level.web' property to 'DEBUG'
2022-05-19 18:01:51.167  INFO [authorizationService,,] 3428 --- [restartedMain] .s.d.r.c.RepositoryConfigurationDelegate : Bootstrapping Spring Data JPA repositories in DEFAULT mode.
2022-05-19 18:01:51.331  INFO [authorizationService,,] 3428 --- [restartedMain] .s.d.r.c.RepositoryConfigurationDelegate : Finished Spring Data repository scanning in 133 ms. Found 1 JPA repository interfaces.
2022-05-19 18:01:52.976  INFO [authorizationService,,] 3428 --- [restartedMain] o.s.cloud.context.scope.GenericScope     : BeanFactory id=528b1acf-83df-34cd-88dd-6d1010a2cef8
2022-05-19 18:01:56.907  INFO [authorizationService,,] 3428 --- [restartedMain] o.s.b.w.embedded.tomcat.TomcatWebServer  : Tomcat initialized with port(s): 9090 (http)
2022-05-19 18:01:56.961  INFO [authorizationService,,] 3428 --- [restartedMain] o.apache.catalina.core.StandardService   : Starting service [Tomcat]
2022-05-19 18:01:56.966  INFO [authorizationService,,] 3428 --- [restartedMain] org.apache.catalina.core.StandardEngine  : Starting Servlet engine: [Apache Tomcat/9.0.50]
2022-05-19 18:01:57.395  INFO [authorizationService,,] 3428 --- [restartedMain] o.a.c.c.C.[Tomcat].[localhost].[/]       : Initializing Spring embedded WebApplicationContext
2022-05-19 18:01:57.396  INFO [authorizationService,,] 3428 --- [restartedMain] w.s.c.ServletWebServerApplicationContext : Root WebApplicationContext: initialization completed in 11543 ms
2022-05-19 18:01:57.759  INFO [authorizationService,,] 3428 --- [restartedMain] com.zaxxer.hikari.HikariDataSource       : HikariPool-1 - Starting...
2022-05-19 18:01:58.578  INFO [authorizationService,,] 3428 --- [restartedMain] com.zaxxer.hikari.HikariDataSource       : HikariPool-1 - Start completed.
2022-05-19 18:01:58.620  INFO [authorizationService,,] 3428 --- [restartedMain] o.s.b.a.h2.H2ConsoleAutoConfiguration    : H2 console available at '/h2-console'. Database available at 'jdbc:h2:mem:testDB'
2022-05-19 18:02:00.011  INFO [authorizationService,,] 3428 --- [restartedMain] o.hibernate.jpa.internal.util.LogHelper  : HHH000204: Processing PersistenceUnitInfo [name: default]
2022-05-19 18:02:00.293  INFO [authorizationService,,] 3428 --- [restartedMain] org.hibernate.Version                    : HHH000412: Hibernate ORM core version 5.4.32.Final
2022-05-19 18:02:01.050  INFO [authorizationService,,] 3428 --- [restartedMain] o.hibernate.annotations.common.Version   : HCANN000001: Hibernate Commons Annotations {5.1.2.Final}
2022-05-19 18:02:01.678  INFO [authorizationService,,] 3428 --- [restartedMain] org.hibernate.dialect.Dialect            : HHH000400: Using dialect: org.hibernate.dialect.H2Dialect
2022-05-19 18:02:03.201  INFO [authorizationService,,] 3428 --- [restartedMain] o.h.e.t.j.p.i.JtaPlatformInitiator       : HHH000490: Using JtaPlatform implementation: [org.hibernate.engine.transaction.jta.platform.internal.NoJtaPlatform]
2022-05-19 18:02:03.229  INFO [authorizationService,,] 3428 --- [restartedMain] j.LocalContainerEntityManagerFactoryBean : Initialized JPA EntityManagerFactory for persistence unit 'default'
2022-05-19 18:02:06.027  INFO [authorizationService,,] 3428 --- [restartedMain] o.s.b.d.a.OptionalLiveReloadServer       : LiveReload server is running on port 35729
2022-05-19 18:02:06.828  WARN [authorizationService,,] 3428 --- [restartedMain] JpaBaseConfiguration$JpaWebConfiguration : spring.jpa.open-in-view is enabled by default. Therefore, database queries may be performed during view rendering. Explicitly configure spring.jpa.open-in-view to disable this warning
2022-05-19 18:02:10.246  INFO [authorizationService,,] 3428 --- [restartedMain] o.s.s.web.DefaultSecurityFilterChain     : Will secure any request with [org.springframework.security.web.context.request.async.WebAsyncManagerIntegrationFilter@30fdd83a, org.springframework.security.web.context.SecurityContextPersistenceFilter@22aa591, org.springframework.security.web.header.HeaderWriterFilter@fac0683, org.springframework.security.web.authentication.logout.LogoutFilter@e5ede41, com.cognizant.filter.JwtFilter@95442df, org.springframework.security.web.savedrequest.RequestCacheAwareFilter@5b0c4e11, org.springframework.security.web.servletapi.SecurityContextHolderAwareRequestFilter@60040ec4, org.springframework.security.web.authentication.AnonymousAuthenticationFilter@344e16fe, org.springframework.security.web.session.SessionManagementFilter@59a842d2, org.springframework.security.web.access.ExceptionTranslationFilter@72f7bfd7, org.springframework.security.web.access.intercept.FilterSecurityInterceptor@61212439]
2022-05-19 18:02:14.124  INFO [authorizationService,,] 3428 --- [restartedMain] o.s.b.w.embedded.tomcat.TomcatWebServer  : Tomcat started on port(s): 9090 (http) with context path ''
2022-05-19 18:02:14.417  INFO [authorizationService,,] 3428 --- [restartedMain] d.s.w.p.DocumentationPluginsBootstrapper : Context refreshed
2022-05-19 18:02:14.481  INFO [authorizationService,,] 3428 --- [restartedMain] d.s.w.p.DocumentationPluginsBootstrapper : Found 1 custom documentation plugin(s)
2022-05-19 18:02:14.533  INFO [authorizationService,,] 3428 --- [restartedMain] s.d.s.w.s.ApiListingReferenceScanner     : Scanning for api listing references
2022-05-19 18:02:15.347  INFO [authorizationService,,] 3428 --- [restartedMain] c.c.AuthorizationMicroserviceApplication : Started AuthorizationMicroserviceApplication in 31.995 seconds (JVM running for 34.522)
2022-05-19 18:05:11.261  INFO [authorizationService,,] 3428 --- [http-nio-9090-exec-1] o.a.c.c.C.[Tomcat].[localhost].[/]       : Initializing Spring DispatcherServlet 'dispatcherServlet'
2022-05-19 18:05:11.264  INFO [authorizationService,,] 3428 --- [http-nio-9090-exec-1] o.s.web.servlet.DispatcherServlet        : Initializing Servlet 'dispatcherServlet'
2022-05-19 18:05:11.271  INFO [authorizationService,,] 3428 --- [http-nio-9090-exec-1] o.s.web.servlet.DispatcherServlet        : Completed initialization in 7 ms
2022-05-19 18:05:11.771  INFO [authorizationService,81a5785831124a8e,22204c816fae3b7f] 3428 --- [http-nio-9090-exec-1] c.c.controller.AuthorizationController   : STARTED - generateToken
2022-05-19 18:05:11.790  INFO [authorizationService,81a5785831124a8e,22204c816fae3b7f] 3428 --- [http-nio-9090-exec-1] c.c.service.CustomUserDetailService      : STARTED - loadUserByUsername
2022-05-19 18:05:12.241  INFO [authorizationService,81a5785831124a8e,22204c816fae3b7f] 3428 --- [http-nio-9090-exec-1] c.c.service.CustomUserDetailService      : END - loadUserByUsername
2022-05-19 18:05:12.256  INFO [authorizationService,81a5785831124a8e,22204c816fae3b7f] 3428 --- [http-nio-9090-exec-1] c.c.controller.AuthorizationController   : END - generateToken
2022-05-19 18:50:28.535  INFO [authorizationService,0836b37278bf594e,edcc373cd494fe24] 3428 --- [http-nio-9090-exec-3] c.c.controller.AuthorizationController   : STARTED - generateToken
2022-05-19 18:50:28.542  INFO [authorizationService,0836b37278bf594e,edcc373cd494fe24] 3428 --- [http-nio-9090-exec-3] c.c.service.CustomUserDetailService      : STARTED - loadUserByUsername
2022-05-19 18:50:28.583  INFO [authorizationService,0836b37278bf594e,edcc373cd494fe24] 3428 --- [http-nio-9090-exec-3] c.c.service.CustomUserDetailService      : END - loadUserByUsername
2022-05-19 18:50:28.587  INFO [authorizationService,0836b37278bf594e,edcc373cd494fe24] 3428 --- [http-nio-9090-exec-3] c.c.controller.AuthorizationController   : END - generateToken
2022-05-19 18:51:49.033  INFO [authorizationService,2e19c21c42b2dea5,42ade9853942248b] 3428 --- [http-nio-9090-exec-5] c.c.service.CustomUserDetailService      : STARTED - loadUserByUsername
2022-05-19 18:51:49.282  INFO [authorizationService,2e19c21c42b2dea5,42ade9853942248b] 3428 --- [http-nio-9090-exec-5] c.c.service.CustomUserDetailService      : END - loadUserByUsername
2022-05-19 18:51:49.375  INFO [authorizationService,2e19c21c42b2dea5,42ade9853942248b] 3428 --- [http-nio-9090-exec-5] c.c.controller.AuthorizationController   : STARTED - authorization
2022-05-19 18:51:49.383  INFO [authorizationService,2e19c21c42b2dea5,42ade9853942248b] 3428 --- [http-nio-9090-exec-5] c.c.service.CustomUserDetailService      : STARTED - loadUserByUsername
2022-05-19 18:51:49.386  INFO [authorizationService,2e19c21c42b2dea5,42ade9853942248b] 3428 --- [http-nio-9090-exec-5] c.c.service.CustomUserDetailService      : END - loadUserByUsername
2022-05-19 18:51:49.391  INFO [authorizationService,2e19c21c42b2dea5,42ade9853942248b] 3428 --- [http-nio-9090-exec-5] c.c.controller.AuthorizationController   : END - authorization
2022-05-19 18:51:49.767  INFO [authorizationService,2e19c21c42b2dea5,c91c6918d6301d58] 3428 --- [http-nio-9090-exec-6] c.c.service.CustomUserDetailService      : STARTED - loadUserByUsername
2022-05-19 18:51:49.769  INFO [authorizationService,2e19c21c42b2dea5,c91c6918d6301d58] 3428 --- [http-nio-9090-exec-6] c.c.service.CustomUserDetailService      : END - loadUserByUsername
2022-05-19 18:51:49.773  INFO [authorizationService,2e19c21c42b2dea5,c91c6918d6301d58] 3428 --- [http-nio-9090-exec-6] c.c.controller.AuthorizationController   : STARTED - authorization
2022-05-19 18:51:49.774  INFO [authorizationService,2e19c21c42b2dea5,c91c6918d6301d58] 3428 --- [http-nio-9090-exec-6] c.c.service.CustomUserDetailService      : STARTED - loadUserByUsername
2022-05-19 18:51:49.775  INFO [authorizationService,2e19c21c42b2dea5,c91c6918d6301d58] 3428 --- [http-nio-9090-exec-6] c.c.service.CustomUserDetailService      : END - loadUserByUsername
2022-05-19 18:51:49.777  INFO [authorizationService,2e19c21c42b2dea5,c91c6918d6301d58] 3428 --- [http-nio-9090-exec-6] c.c.controller.AuthorizationController   : END - authorization
2022-05-19 18:52:42.689  INFO [authorizationService,60ee7040d24d3bbf,466f088dd616db78] 3428 --- [http-nio-9090-exec-7] c.c.service.CustomUserDetailService      : STARTED - loadUserByUsername
2022-05-19 18:52:42.691  INFO [authorizationService,60ee7040d24d3bbf,466f088dd616db78] 3428 --- [http-nio-9090-exec-7] c.c.service.CustomUserDetailService      : END - loadUserByUsername
2022-05-19 18:52:42.698  INFO [authorizationService,60ee7040d24d3bbf,466f088dd616db78] 3428 --- [http-nio-9090-exec-7] c.c.controller.AuthorizationController   : STARTED - authorization
2022-05-19 18:52:42.701  INFO [authorizationService,60ee7040d24d3bbf,466f088dd616db78] 3428 --- [http-nio-9090-exec-7] c.c.service.CustomUserDetailService      : STARTED - loadUserByUsername
2022-05-19 18:52:42.706  INFO [authorizationService,60ee7040d24d3bbf,466f088dd616db78] 3428 --- [http-nio-9090-exec-7] c.c.service.CustomUserDetailService      : END - loadUserByUsername
2022-05-19 18:52:42.708  INFO [authorizationService,60ee7040d24d3bbf,466f088dd616db78] 3428 --- [http-nio-9090-exec-7] c.c.controller.AuthorizationController   : END - authorization
2022-05-19 18:52:43.931  INFO [authorizationService,60ee7040d24d3bbf,02536c50d2de306f] 3428 --- [http-nio-9090-exec-8] c.c.service.CustomUserDetailService      : STARTED - loadUserByUsername
2022-05-19 18:52:43.935  INFO [authorizationService,60ee7040d24d3bbf,02536c50d2de306f] 3428 --- [http-nio-9090-exec-8] c.c.service.CustomUserDetailService      : END - loadUserByUsername
2022-05-19 18:52:43.947  INFO [authorizationService,60ee7040d24d3bbf,02536c50d2de306f] 3428 --- [http-nio-9090-exec-8] c.c.controller.AuthorizationController   : STARTED - authorization
2022-05-19 18:52:43.957  INFO [authorizationService,60ee7040d24d3bbf,02536c50d2de306f] 3428 --- [http-nio-9090-exec-8] c.c.service.CustomUserDetailService      : STARTED - loadUserByUsername
2022-05-19 18:52:43.962  INFO [authorizationService,60ee7040d24d3bbf,02536c50d2de306f] 3428 --- [http-nio-9090-exec-8] c.c.service.CustomUserDetailService      : END - loadUserByUsername
2022-05-19 18:52:43.966  INFO [authorizationService,60ee7040d24d3bbf,02536c50d2de306f] 3428 --- [http-nio-9090-exec-8] c.c.controller.AuthorizationController   : END - authorization
2022-05-19 18:53:03.612  INFO [authorizationService,ef630614ad1f6e7f,59398181d210a42b] 3428 --- [http-nio-9090-exec-9] c.c.service.CustomUserDetailService      : STARTED - loadUserByUsername
2022-05-19 18:53:03.616  INFO [authorizationService,ef630614ad1f6e7f,59398181d210a42b] 3428 --- [http-nio-9090-exec-9] c.c.service.CustomUserDetailService      : END - loadUserByUsername
2022-05-19 18:53:03.620  INFO [authorizationService,ef630614ad1f6e7f,59398181d210a42b] 3428 --- [http-nio-9090-exec-9] c.c.controller.AuthorizationController   : STARTED - authorization
2022-05-19 18:53:03.622  INFO [authorizationService,ef630614ad1f6e7f,59398181d210a42b] 3428 --- [http-nio-9090-exec-9] c.c.service.CustomUserDetailService      : STARTED - loadUserByUsername
2022-05-19 18:53:03.625  INFO [authorizationService,ef630614ad1f6e7f,59398181d210a42b] 3428 --- [http-nio-9090-exec-9] c.c.service.CustomUserDetailService      : END - loadUserByUsername
2022-05-19 18:53:03.628  INFO [authorizationService,ef630614ad1f6e7f,59398181d210a42b] 3428 --- [http-nio-9090-exec-9] c.c.controller.AuthorizationController   : END - authorization
2022-05-19 18:53:03.679  INFO [authorizationService,ef630614ad1f6e7f,16b076be70c6811b] 3428 --- [http-nio-9090-exec-10] c.c.service.CustomUserDetailService      : STARTED - loadUserByUsername
2022-05-19 18:53:03.682  INFO [authorizationService,ef630614ad1f6e7f,16b076be70c6811b] 3428 --- [http-nio-9090-exec-10] c.c.service.CustomUserDetailService      : END - loadUserByUsername
2022-05-19 18:53:03.687  INFO [authorizationService,ef630614ad1f6e7f,16b076be70c6811b] 3428 --- [http-nio-9090-exec-10] c.c.controller.AuthorizationController   : STARTED - authorization
2022-05-19 18:53:03.688  INFO [authorizationService,ef630614ad1f6e7f,16b076be70c6811b] 3428 --- [http-nio-9090-exec-10] c.c.service.CustomUserDetailService      : STARTED - loadUserByUsername
2022-05-19 18:53:03.694  INFO [authorizationService,ef630614ad1f6e7f,16b076be70c6811b] 3428 --- [http-nio-9090-exec-10] c.c.service.CustomUserDetailService      : END - loadUserByUsername
2022-05-19 18:53:03.697  INFO [authorizationService,ef630614ad1f6e7f,16b076be70c6811b] 3428 --- [http-nio-9090-exec-10] c.c.controller.AuthorizationController   : END - authorization
2022-05-19 18:53:11.299  INFO [authorizationService,bebe02b7dfe61d74,4c1af68f8230f82d] 3428 --- [http-nio-9090-exec-1] c.c.service.CustomUserDetailService      : STARTED - loadUserByUsername
2022-05-19 18:53:11.301  INFO [authorizationService,bebe02b7dfe61d74,4c1af68f8230f82d] 3428 --- [http-nio-9090-exec-1] c.c.service.CustomUserDetailService      : END - loadUserByUsername
2022-05-19 18:53:11.304  INFO [authorizationService,bebe02b7dfe61d74,4c1af68f8230f82d] 3428 --- [http-nio-9090-exec-1] c.c.controller.AuthorizationController   : STARTED - authorization
2022-05-19 18:53:11.306  INFO [authorizationService,bebe02b7dfe61d74,4c1af68f8230f82d] 3428 --- [http-nio-9090-exec-1] c.c.service.CustomUserDetailService      : STARTED - loadUserByUsername
2022-05-19 18:53:11.308  INFO [authorizationService,bebe02b7dfe61d74,4c1af68f8230f82d] 3428 --- [http-nio-9090-exec-1] c.c.service.CustomUserDetailService      : END - loadUserByUsername
2022-05-19 18:53:11.312  INFO [authorizationService,bebe02b7dfe61d74,4c1af68f8230f82d] 3428 --- [http-nio-9090-exec-1] c.c.controller.AuthorizationController   : END - authorization
2022-05-19 18:53:11.364  INFO [authorizationService,bebe02b7dfe61d74,d07c5816a34eeed3] 3428 --- [http-nio-9090-exec-2] c.c.service.CustomUserDetailService      : STARTED - loadUserByUsername
2022-05-19 18:53:11.366  INFO [authorizationService,bebe02b7dfe61d74,d07c5816a34eeed3] 3428 --- [http-nio-9090-exec-2] c.c.service.CustomUserDetailService      : END - loadUserByUsername
2022-05-19 18:53:11.369  INFO [authorizationService,bebe02b7dfe61d74,d07c5816a34eeed3] 3428 --- [http-nio-9090-exec-2] c.c.controller.AuthorizationController   : STARTED - authorization
2022-05-19 18:53:11.371  INFO [authorizationService,bebe02b7dfe61d74,d07c5816a34eeed3] 3428 --- [http-nio-9090-exec-2] c.c.service.CustomUserDetailService      : STARTED - loadUserByUsername
2022-05-19 18:53:11.372  INFO [authorizationService,bebe02b7dfe61d74,d07c5816a34eeed3] 3428 --- [http-nio-9090-exec-2] c.c.service.CustomUserDetailService      : END - loadUserByUsername
2022-05-19 18:53:11.374  INFO [authorizationService,bebe02b7dfe61d74,d07c5816a34eeed3] 3428 --- [http-nio-9090-exec-2] c.c.controller.AuthorizationController   : END - authorization
2022-05-19 18:53:52.556  INFO [authorizationService,cb3969451b2d810f,4dc9846f64f2c02d] 3428 --- [http-nio-9090-exec-3] c.c.service.CustomUserDetailService      : STARTED - loadUserByUsername
2022-05-19 18:53:52.558  INFO [authorizationService,cb3969451b2d810f,4dc9846f64f2c02d] 3428 --- [http-nio-9090-exec-3] c.c.service.CustomUserDetailService      : END - loadUserByUsername
2022-05-19 18:53:52.563  INFO [authorizationService,cb3969451b2d810f,4dc9846f64f2c02d] 3428 --- [http-nio-9090-exec-3] c.c.controller.AuthorizationController   : STARTED - authorization
2022-05-19 18:53:52.564  INFO [authorizationService,cb3969451b2d810f,4dc9846f64f2c02d] 3428 --- [http-nio-9090-exec-3] c.c.service.CustomUserDetailService      : STARTED - loadUserByUsername
2022-05-19 18:53:52.566  INFO [authorizationService,cb3969451b2d810f,4dc9846f64f2c02d] 3428 --- [http-nio-9090-exec-3] c.c.service.CustomUserDetailService      : END - loadUserByUsername
2022-05-19 18:53:52.567  INFO [authorizationService,cb3969451b2d810f,4dc9846f64f2c02d] 3428 --- [http-nio-9090-exec-3] c.c.controller.AuthorizationController   : END - authorization
2022-05-19 18:53:52.588  INFO [authorizationService,cb3969451b2d810f,b9e10fabb61de1e7] 3428 --- [http-nio-9090-exec-4] c.c.service.CustomUserDetailService      : STARTED - loadUserByUsername
2022-05-19 18:53:52.590  INFO [authorizationService,cb3969451b2d810f,b9e10fabb61de1e7] 3428 --- [http-nio-9090-exec-4] c.c.service.CustomUserDetailService      : END - loadUserByUsername
2022-05-19 18:53:52.595  INFO [authorizationService,cb3969451b2d810f,b9e10fabb61de1e7] 3428 --- [http-nio-9090-exec-4] c.c.controller.AuthorizationController   : STARTED - authorization
2022-05-19 18:53:52.597  INFO [authorizationService,cb3969451b2d810f,b9e10fabb61de1e7] 3428 --- [http-nio-9090-exec-4] c.c.service.CustomUserDetailService      : STARTED - loadUserByUsername
2022-05-19 18:53:52.598  INFO [authorizationService,cb3969451b2d810f,b9e10fabb61de1e7] 3428 --- [http-nio-9090-exec-4] c.c.service.CustomUserDetailService      : END - loadUserByUsername
2022-05-19 18:53:52.600  INFO [authorizationService,cb3969451b2d810f,b9e10fabb61de1e7] 3428 --- [http-nio-9090-exec-4] c.c.controller.AuthorizationController   : END - authorization
2022-05-19 18:54:41.457  INFO [authorizationService,0100abc7b7ac9929,3abf547a6be7d20b] 3428 --- [http-nio-9090-exec-5] c.c.service.CustomUserDetailService      : STARTED - loadUserByUsername
2022-05-19 18:54:41.463  INFO [authorizationService,0100abc7b7ac9929,3abf547a6be7d20b] 3428 --- [http-nio-9090-exec-5] c.c.service.CustomUserDetailService      : END - loadUserByUsername
2022-05-19 18:54:41.467  INFO [authorizationService,0100abc7b7ac9929,3abf547a6be7d20b] 3428 --- [http-nio-9090-exec-5] c.c.controller.AuthorizationController   : STARTED - authorization
2022-05-19 18:54:41.468  INFO [authorizationService,0100abc7b7ac9929,3abf547a6be7d20b] 3428 --- [http-nio-9090-exec-5] c.c.service.CustomUserDetailService      : STARTED - loadUserByUsername
2022-05-19 18:54:41.470  INFO [authorizationService,0100abc7b7ac9929,3abf547a6be7d20b] 3428 --- [http-nio-9090-exec-5] c.c.service.CustomUserDetailService      : END - loadUserByUsername
2022-05-19 18:54:41.472  INFO [authorizationService,0100abc7b7ac9929,3abf547a6be7d20b] 3428 --- [http-nio-9090-exec-5] c.c.controller.AuthorizationController   : END - authorization
2022-05-19 18:54:41.501  INFO [authorizationService,0100abc7b7ac9929,0908aac7a1937a58] 3428 --- [http-nio-9090-exec-6] c.c.service.CustomUserDetailService      : STARTED - loadUserByUsername
2022-05-19 18:54:41.502  INFO [authorizationService,0100abc7b7ac9929,0908aac7a1937a58] 3428 --- [http-nio-9090-exec-6] c.c.service.CustomUserDetailService      : END - loadUserByUsername
2022-05-19 18:54:41.506  INFO [authorizationService,0100abc7b7ac9929,0908aac7a1937a58] 3428 --- [http-nio-9090-exec-6] c.c.controller.AuthorizationController   : STARTED - authorization
2022-05-19 18:54:41.507  INFO [authorizationService,0100abc7b7ac9929,0908aac7a1937a58] 3428 --- [http-nio-9090-exec-6] c.c.service.CustomUserDetailService      : STARTED - loadUserByUsername
2022-05-19 18:54:41.511  INFO [authorizationService,0100abc7b7ac9929,0908aac7a1937a58] 3428 --- [http-nio-9090-exec-6] c.c.service.CustomUserDetailService      : END - loadUserByUsername
2022-05-19 18:54:41.514  INFO [authorizationService,0100abc7b7ac9929,0908aac7a1937a58] 3428 --- [http-nio-9090-exec-6] c.c.controller.AuthorizationController   : END - authorization
2022-05-19 18:55:04.408  INFO [authorizationService,fb08cdf22155b607,c0f5ca35fa45cd20] 3428 --- [http-nio-9090-exec-7] c.c.service.CustomUserDetailService      : STARTED - loadUserByUsername
2022-05-19 18:55:04.410  INFO [authorizationService,fb08cdf22155b607,c0f5ca35fa45cd20] 3428 --- [http-nio-9090-exec-7] c.c.service.CustomUserDetailService      : END - loadUserByUsername
2022-05-19 18:55:04.414  INFO [authorizationService,fb08cdf22155b607,c0f5ca35fa45cd20] 3428 --- [http-nio-9090-exec-7] c.c.controller.AuthorizationController   : STARTED - authorization
2022-05-19 18:55:04.415  INFO [authorizationService,fb08cdf22155b607,c0f5ca35fa45cd20] 3428 --- [http-nio-9090-exec-7] c.c.service.CustomUserDetailService      : STARTED - loadUserByUsername
2022-05-19 18:55:04.417  INFO [authorizationService,fb08cdf22155b607,c0f5ca35fa45cd20] 3428 --- [http-nio-9090-exec-7] c.c.service.CustomUserDetailService      : END - loadUserByUsername
2022-05-19 18:55:04.422  INFO [authorizationService,fb08cdf22155b607,c0f5ca35fa45cd20] 3428 --- [http-nio-9090-exec-7] c.c.controller.AuthorizationController   : END - authorization
2022-05-19 18:55:04.465  INFO [authorizationService,fb08cdf22155b607,c68bce6f1ea435d5] 3428 --- [http-nio-9090-exec-8] c.c.service.CustomUserDetailService      : STARTED - loadUserByUsername
2022-05-19 18:55:04.473  INFO [authorizationService,fb08cdf22155b607,c68bce6f1ea435d5] 3428 --- [http-nio-9090-exec-8] c.c.service.CustomUserDetailService      : END - loadUserByUsername
2022-05-19 18:55:04.481  INFO [authorizationService,fb08cdf22155b607,c68bce6f1ea435d5] 3428 --- [http-nio-9090-exec-8] c.c.controller.AuthorizationController   : STARTED - authorization
2022-05-19 18:55:04.482  INFO [authorizationService,fb08cdf22155b607,c68bce6f1ea435d5] 3428 --- [http-nio-9090-exec-8] c.c.service.CustomUserDetailService      : STARTED - loadUserByUsername
2022-05-19 18:55:04.484  INFO [authorizationService,fb08cdf22155b607,c68bce6f1ea435d5] 3428 --- [http-nio-9090-exec-8] c.c.service.CustomUserDetailService      : END - loadUserByUsername
2022-05-19 18:55:04.491  INFO [authorizationService,fb08cdf22155b607,c68bce6f1ea435d5] 3428 --- [http-nio-9090-exec-8] c.c.controller.AuthorizationController   : END - authorization
2022-05-19 18:55:24.269  INFO [authorizationService,4a0b96154a95b399,ba2ce502f5d6aecb] 3428 --- [http-nio-9090-exec-9] c.c.service.CustomUserDetailService      : STARTED - loadUserByUsername
2022-05-19 18:55:24.272  INFO [authorizationService,4a0b96154a95b399,ba2ce502f5d6aecb] 3428 --- [http-nio-9090-exec-9] c.c.service.CustomUserDetailService      : END - loadUserByUsername
2022-05-19 18:55:24.282  INFO [authorizationService,4a0b96154a95b399,ba2ce502f5d6aecb] 3428 --- [http-nio-9090-exec-9] c.c.controller.AuthorizationController   : STARTED - authorization
2022-05-19 18:55:24.284  INFO [authorizationService,4a0b96154a95b399,ba2ce502f5d6aecb] 3428 --- [http-nio-9090-exec-9] c.c.service.CustomUserDetailService      : STARTED - loadUserByUsername
2022-05-19 18:55:24.286  INFO [authorizationService,4a0b96154a95b399,ba2ce502f5d6aecb] 3428 --- [http-nio-9090-exec-9] c.c.service.CustomUserDetailService      : END - loadUserByUsername
2022-05-19 18:55:24.290  INFO [authorizationService,4a0b96154a95b399,ba2ce502f5d6aecb] 3428 --- [http-nio-9090-exec-9] c.c.controller.AuthorizationController   : END - authorization
2022-05-19 18:55:24.322  INFO [authorizationService,4a0b96154a95b399,8c4de5ea75784073] 3428 --- [http-nio-9090-exec-10] c.c.service.CustomUserDetailService      : STARTED - loadUserByUsername
2022-05-19 18:55:24.328  INFO [authorizationService,4a0b96154a95b399,8c4de5ea75784073] 3428 --- [http-nio-9090-exec-10] c.c.service.CustomUserDetailService      : END - loadUserByUsername
2022-05-19 18:55:24.334  INFO [authorizationService,4a0b96154a95b399,8c4de5ea75784073] 3428 --- [http-nio-9090-exec-10] c.c.controller.AuthorizationController   : STARTED - authorization
2022-05-19 18:55:24.335  INFO [authorizationService,4a0b96154a95b399,8c4de5ea75784073] 3428 --- [http-nio-9090-exec-10] c.c.service.CustomUserDetailService      : STARTED - loadUserByUsername
2022-05-19 18:55:24.337  INFO [authorizationService,4a0b96154a95b399,8c4de5ea75784073] 3428 --- [http-nio-9090-exec-10] c.c.service.CustomUserDetailService      : END - loadUserByUsername
2022-05-19 18:55:24.339  INFO [authorizationService,4a0b96154a95b399,8c4de5ea75784073] 3428 --- [http-nio-9090-exec-10] c.c.controller.AuthorizationController   : END - authorization
2022-05-19 18:56:21.894  INFO [authorizationService,ccd22144ee664be0,fca532544d05bbc9] 3428 --- [http-nio-9090-exec-1] c.c.service.CustomUserDetailService      : STARTED - loadUserByUsername
2022-05-19 18:56:21.896  INFO [authorizationService,ccd22144ee664be0,fca532544d05bbc9] 3428 --- [http-nio-9090-exec-1] c.c.service.CustomUserDetailService      : END - loadUserByUsername
2022-05-19 18:56:21.901  INFO [authorizationService,ccd22144ee664be0,fca532544d05bbc9] 3428 --- [http-nio-9090-exec-1] c.c.controller.AuthorizationController   : STARTED - authorization
2022-05-19 18:56:21.902  INFO [authorizationService,ccd22144ee664be0,fca532544d05bbc9] 3428 --- [http-nio-9090-exec-1] c.c.service.CustomUserDetailService      : STARTED - loadUserByUsername
2022-05-19 18:56:21.904  INFO [authorizationService,ccd22144ee664be0,fca532544d05bbc9] 3428 --- [http-nio-9090-exec-1] c.c.service.CustomUserDetailService      : END - loadUserByUsername
2022-05-19 18:56:21.906  INFO [authorizationService,ccd22144ee664be0,fca532544d05bbc9] 3428 --- [http-nio-9090-exec-1] c.c.controller.AuthorizationController   : END - authorization
2022-05-19 18:56:21.942  INFO [authorizationService,ccd22144ee664be0,ba434f0e105bc121] 3428 --- [http-nio-9090-exec-2] c.c.service.CustomUserDetailService      : STARTED - loadUserByUsername
2022-05-19 18:56:21.944  INFO [authorizationService,ccd22144ee664be0,ba434f0e105bc121] 3428 --- [http-nio-9090-exec-2] c.c.service.CustomUserDetailService      : END - loadUserByUsername
2022-05-19 18:56:21.952  INFO [authorizationService,ccd22144ee664be0,ba434f0e105bc121] 3428 --- [http-nio-9090-exec-2] c.c.controller.AuthorizationController   : STARTED - authorization
2022-05-19 18:56:21.953  INFO [authorizationService,ccd22144ee664be0,ba434f0e105bc121] 3428 --- [http-nio-9090-exec-2] c.c.service.CustomUserDetailService      : STARTED - loadUserByUsername
2022-05-19 18:56:21.954  INFO [authorizationService,ccd22144ee664be0,ba434f0e105bc121] 3428 --- [http-nio-9090-exec-2] c.c.service.CustomUserDetailService      : END - loadUserByUsername
2022-05-19 18:56:21.956  INFO [authorizationService,ccd22144ee664be0,ba434f0e105bc121] 3428 --- [http-nio-9090-exec-2] c.c.controller.AuthorizationController   : END - authorization
2022-05-19 20:29:17.466  INFO [authorizationService,,] 4624 --- [restartedMain] c.c.AuthorizationMicroserviceApplication : Starting AuthorizationMicroserviceApplication using Java 15.0.2 on sam with PID 4624 (C:\Users\sumit sahane\Downloads\5_6068926584683758823\authorization-microservice\target\classes started by sumit sahane in C:\Users\sumit sahane\Downloads\5_6068926584683758823\authorization-microservice)
2022-05-19 20:29:17.472  INFO [authorizationService,,] 4624 --- [restartedMain] c.c.AuthorizationMicroserviceApplication : No active profile set, falling back to default profiles: default
2022-05-19 20:29:17.605  INFO [authorizationService,,] 4624 --- [restartedMain] .e.DevToolsPropertyDefaultsPostProcessor : Devtools property defaults active! Set 'spring.devtools.add-properties' to 'false' to disable
2022-05-19 20:29:17.606  INFO [authorizationService,,] 4624 --- [restartedMain] .e.DevToolsPropertyDefaultsPostProcessor : For additional web related logging consider setting the 'logging.level.web' property to 'DEBUG'
2022-05-19 20:29:19.655  INFO [authorizationService,,] 4624 --- [restartedMain] .s.d.r.c.RepositoryConfigurationDelegate : Bootstrapping Spring Data JPA repositories in DEFAULT mode.
2022-05-19 20:29:19.751  INFO [authorizationService,,] 4624 --- [restartedMain] .s.d.r.c.RepositoryConfigurationDelegate : Finished Spring Data repository scanning in 84 ms. Found 1 JPA repository interfaces.
2022-05-19 20:29:20.402  INFO [authorizationService,,] 4624 --- [restartedMain] o.s.cloud.context.scope.GenericScope     : BeanFactory id=528b1acf-83df-34cd-88dd-6d1010a2cef8
2022-05-19 20:29:22.197  INFO [authorizationService,,] 4624 --- [restartedMain] o.s.b.w.embedded.tomcat.TomcatWebServer  : Tomcat initialized with port(s): 9090 (http)
2022-05-19 20:29:22.219  INFO [authorizationService,,] 4624 --- [restartedMain] o.apache.catalina.core.StandardService   : Starting service [Tomcat]
2022-05-19 20:29:22.220  INFO [authorizationService,,] 4624 --- [restartedMain] org.apache.catalina.core.StandardEngine  : Starting Servlet engine: [Apache Tomcat/9.0.50]
2022-05-19 20:29:22.451  INFO [authorizationService,,] 4624 --- [restartedMain] o.a.c.c.C.[Tomcat].[localhost].[/]       : Initializing Spring embedded WebApplicationContext
2022-05-19 20:29:22.452  INFO [authorizationService,,] 4624 --- [restartedMain] w.s.c.ServletWebServerApplicationContext : Root WebApplicationContext: initialization completed in 4844 ms
2022-05-19 20:29:22.601  INFO [authorizationService,,] 4624 --- [restartedMain] com.zaxxer.hikari.HikariDataSource       : HikariPool-1 - Starting...
2022-05-19 20:29:22.994  INFO [authorizationService,,] 4624 --- [restartedMain] com.zaxxer.hikari.HikariDataSource       : HikariPool-1 - Start completed.
2022-05-19 20:29:23.008  INFO [authorizationService,,] 4624 --- [restartedMain] o.s.b.a.h2.H2ConsoleAutoConfiguration    : H2 console available at '/h2-console'. Database available at 'jdbc:h2:mem:testDB'
2022-05-19 20:29:23.555  INFO [authorizationService,,] 4624 --- [restartedMain] o.hibernate.jpa.internal.util.LogHelper  : HHH000204: Processing PersistenceUnitInfo [name: default]
2022-05-19 20:29:23.658  INFO [authorizationService,,] 4624 --- [restartedMain] org.hibernate.Version                    : HHH000412: Hibernate ORM core version 5.4.32.Final
2022-05-19 20:29:23.946  INFO [authorizationService,,] 4624 --- [restartedMain] o.hibernate.annotations.common.Version   : HCANN000001: Hibernate Commons Annotations {5.1.2.Final}
2022-05-19 20:29:24.196  INFO [authorizationService,,] 4624 --- [restartedMain] org.hibernate.dialect.Dialect            : HHH000400: Using dialect: org.hibernate.dialect.H2Dialect
2022-05-19 20:29:25.094  INFO [authorizationService,,] 4624 --- [restartedMain] o.h.e.t.j.p.i.JtaPlatformInitiator       : HHH000490: Using JtaPlatform implementation: [org.hibernate.engine.transaction.jta.platform.internal.NoJtaPlatform]
2022-05-19 20:29:25.108  INFO [authorizationService,,] 4624 --- [restartedMain] j.LocalContainerEntityManagerFactoryBean : Initialized JPA EntityManagerFactory for persistence unit 'default'
2022-05-19 20:29:26.288  INFO [authorizationService,,] 4624 --- [restartedMain] o.s.b.d.a.OptionalLiveReloadServer       : LiveReload server is running on port 35729
2022-05-19 20:29:26.587  WARN [authorizationService,,] 4624 --- [restartedMain] JpaBaseConfiguration$JpaWebConfiguration : spring.jpa.open-in-view is enabled by default. Therefore, database queries may be performed during view rendering. Explicitly configure spring.jpa.open-in-view to disable this warning
2022-05-19 20:29:27.915  INFO [authorizationService,,] 4624 --- [restartedMain] o.s.s.web.DefaultSecurityFilterChain     : Will secure any request with [org.springframework.security.web.context.request.async.WebAsyncManagerIntegrationFilter@3a9ab984, org.springframework.security.web.context.SecurityContextPersistenceFilter@7e9cd4b3, org.springframework.security.web.header.HeaderWriterFilter@73ab42e1, org.springframework.security.web.authentication.logout.LogoutFilter@2077f9f, com.cognizant.filter.JwtFilter@6280ea7e, org.springframework.security.web.savedrequest.RequestCacheAwareFilter@6e056107, org.springframework.security.web.servletapi.SecurityContextHolderAwareRequestFilter@292ea559, org.springframework.security.web.authentication.AnonymousAuthenticationFilter@54d33440, org.springframework.security.web.session.SessionManagementFilter@1526ac67, org.springframework.security.web.access.ExceptionTranslationFilter@21599b67, org.springframework.security.web.access.intercept.FilterSecurityInterceptor@35df68d5]
2022-05-19 20:29:29.230  INFO [authorizationService,,] 4624 --- [restartedMain] o.s.b.w.embedded.tomcat.TomcatWebServer  : Tomcat started on port(s): 9090 (http) with context path ''
2022-05-19 20:29:29.350  INFO [authorizationService,,] 4624 --- [restartedMain] d.s.w.p.DocumentationPluginsBootstrapper : Context refreshed
2022-05-19 20:29:29.383  INFO [authorizationService,,] 4624 --- [restartedMain] d.s.w.p.DocumentationPluginsBootstrapper : Found 1 custom documentation plugin(s)
2022-05-19 20:29:29.403  INFO [authorizationService,,] 4624 --- [restartedMain] s.d.s.w.s.ApiListingReferenceScanner     : Scanning for api listing references
2022-05-19 20:29:29.634  INFO [authorizationService,,] 4624 --- [restartedMain] c.c.AuthorizationMicroserviceApplication : Started AuthorizationMicroserviceApplication in 13.072 seconds (JVM running for 14.684)
2022-05-19 20:35:23.573  INFO [authorizationService,,] 4624 --- [http-nio-9090-exec-1] o.a.c.c.C.[Tomcat].[localhost].[/]       : Initializing Spring DispatcherServlet 'dispatcherServlet'
2022-05-19 20:35:23.573  INFO [authorizationService,,] 4624 --- [http-nio-9090-exec-1] o.s.web.servlet.DispatcherServlet        : Initializing Servlet 'dispatcherServlet'
2022-05-19 20:35:23.589  INFO [authorizationService,,] 4624 --- [http-nio-9090-exec-1] o.s.web.servlet.DispatcherServlet        : Completed initialization in 16 ms
2022-05-19 20:35:23.777  INFO [authorizationService,bd2aabf2948c8896,c77fb5824113a642] 4624 --- [http-nio-9090-exec-1] c.c.controller.AuthorizationController   : STARTED - generateToken
2022-05-19 20:35:23.777  INFO [authorizationService,bd2aabf2948c8896,c77fb5824113a642] 4624 --- [http-nio-9090-exec-1] c.c.service.CustomUserDetailService      : STARTED - loadUserByUsername
2022-05-19 20:35:24.042  INFO [authorizationService,bd2aabf2948c8896,c77fb5824113a642] 4624 --- [http-nio-9090-exec-1] c.c.service.CustomUserDetailService      : END - loadUserByUsername
2022-05-19 20:35:24.042  INFO [authorizationService,bd2aabf2948c8896,c77fb5824113a642] 4624 --- [http-nio-9090-exec-1] c.c.controller.AuthorizationController   : END - generateToken
2022-05-19 21:13:09.552  INFO [authorizationService,4ccbdccf2f76630a,f3505708cbbb2859] 4624 --- [http-nio-9090-exec-3] c.c.controller.AuthorizationController   : STARTED - generateToken
2022-05-19 21:13:09.557  INFO [authorizationService,4ccbdccf2f76630a,f3505708cbbb2859] 4624 --- [http-nio-9090-exec-3] c.c.service.CustomUserDetailService      : STARTED - loadUserByUsername
2022-05-19 21:13:09.563  INFO [authorizationService,4ccbdccf2f76630a,f3505708cbbb2859] 4624 --- [http-nio-9090-exec-3] c.c.service.CustomUserDetailService      : END - loadUserByUsername
2022-05-19 21:13:09.564  INFO [authorizationService,4ccbdccf2f76630a,f3505708cbbb2859] 4624 --- [http-nio-9090-exec-3] c.c.controller.AuthorizationController   : END - generateToken
2022-05-19 21:13:32.668  INFO [authorizationService,5c4afb1418478661,36260b87b3ef6bc1] 4624 --- [http-nio-9090-exec-4] c.c.controller.AuthorizationController   : STARTED - generateToken
2022-05-19 21:13:32.669  INFO [authorizationService,5c4afb1418478661,36260b87b3ef6bc1] 4624 --- [http-nio-9090-exec-4] c.c.service.CustomUserDetailService      : STARTED - loadUserByUsername
2022-05-19 21:13:32.670  INFO [authorizationService,5c4afb1418478661,36260b87b3ef6bc1] 4624 --- [http-nio-9090-exec-4] c.c.service.CustomUserDetailService      : END - loadUserByUsername
2022-05-19 21:13:32.671  INFO [authorizationService,5c4afb1418478661,36260b87b3ef6bc1] 4624 --- [http-nio-9090-exec-4] c.c.controller.AuthorizationController   : END - generateToken
2022-05-19 21:22:38.266  INFO [authorizationService,98550a6e6a343438,eeb6a55fddf06644] 4624 --- [http-nio-9090-exec-6] c.c.controller.AuthorizationController   : STARTED - generateToken
2022-05-19 21:22:38.267  INFO [authorizationService,98550a6e6a343438,eeb6a55fddf06644] 4624 --- [http-nio-9090-exec-6] c.c.service.CustomUserDetailService      : STARTED - loadUserByUsername
2022-05-19 21:22:38.269  INFO [authorizationService,98550a6e6a343438,eeb6a55fddf06644] 4624 --- [http-nio-9090-exec-6] c.c.service.CustomUserDetailService      : END - loadUserByUsername
2022-05-19 21:22:38.270  INFO [authorizationService,98550a6e6a343438,eeb6a55fddf06644] 4624 --- [http-nio-9090-exec-6] c.c.controller.AuthorizationController   : END - generateToken
2022-05-19 21:50:56.016  INFO [authorizationService,25ebdaa422db677b,aaff58ba9e162414] 4624 --- [http-nio-9090-exec-8] c.c.service.CustomUserDetailService      : STARTED - loadUserByUsername
2022-05-19 21:50:56.563  INFO [authorizationService,25ebdaa422db677b,aaff58ba9e162414] 4624 --- [http-nio-9090-exec-8] c.c.service.CustomUserDetailService      : END - loadUserByUsername
2022-05-19 21:50:56.782  INFO [authorizationService,25ebdaa422db677b,aaff58ba9e162414] 4624 --- [http-nio-9090-exec-8] c.c.controller.AuthorizationController   : STARTED - authorization
2022-05-19 21:50:56.782  INFO [authorizationService,25ebdaa422db677b,aaff58ba9e162414] 4624 --- [http-nio-9090-exec-8] c.c.service.CustomUserDetailService      : STARTED - loadUserByUsername
2022-05-19 21:50:56.782  INFO [authorizationService,25ebdaa422db677b,aaff58ba9e162414] 4624 --- [http-nio-9090-exec-8] c.c.service.CustomUserDetailService      : END - loadUserByUsername
2022-05-19 21:50:56.782  INFO [authorizationService,25ebdaa422db677b,aaff58ba9e162414] 4624 --- [http-nio-9090-exec-8] c.c.controller.AuthorizationController   : END - authorization
2022-05-19 21:50:57.659  INFO [authorizationService,d2df534bf8e13304,bc379ceb18671248] 4624 --- [http-nio-9090-exec-9] c.c.service.CustomUserDetailService      : STARTED - loadUserByUsername
2022-05-19 21:50:57.659  INFO [authorizationService,d2df534bf8e13304,bc379ceb18671248] 4624 --- [http-nio-9090-exec-9] c.c.service.CustomUserDetailService      : END - loadUserByUsername
2022-05-19 21:50:57.674  INFO [authorizationService,d2df534bf8e13304,bc379ceb18671248] 4624 --- [http-nio-9090-exec-9] c.c.controller.AuthorizationController   : STARTED - authorization
2022-05-19 21:50:57.674  INFO [authorizationService,d2df534bf8e13304,bc379ceb18671248] 4624 --- [http-nio-9090-exec-9] c.c.service.CustomUserDetailService      : STARTED - loadUserByUsername
2022-05-19 21:50:57.690  INFO [authorizationService,d2df534bf8e13304,bc379ceb18671248] 4624 --- [http-nio-9090-exec-9] c.c.service.CustomUserDetailService      : END - loadUserByUsername
2022-05-19 21:50:57.690  INFO [authorizationService,d2df534bf8e13304,bc379ceb18671248] 4624 --- [http-nio-9090-exec-9] c.c.controller.AuthorizationController   : END - authorization
2022-05-19 21:53:12.921  INFO [authorizationService,0795e4ec54640aab,a41c03f43a2a9ff2] 4624 --- [http-nio-9090-exec-1] c.c.service.CustomUserDetailService      : STARTED - loadUserByUsername
2022-05-19 21:53:12.923  INFO [authorizationService,0795e4ec54640aab,a41c03f43a2a9ff2] 4624 --- [http-nio-9090-exec-1] c.c.service.CustomUserDetailService      : END - loadUserByUsername
2022-05-19 21:53:12.930  INFO [authorizationService,0795e4ec54640aab,a41c03f43a2a9ff2] 4624 --- [http-nio-9090-exec-1] c.c.controller.AuthorizationController   : STARTED - authorization
2022-05-19 21:53:12.931  INFO [authorizationService,0795e4ec54640aab,a41c03f43a2a9ff2] 4624 --- [http-nio-9090-exec-1] c.c.service.CustomUserDetailService      : STARTED - loadUserByUsername
2022-05-19 21:53:12.933  INFO [authorizationService,0795e4ec54640aab,a41c03f43a2a9ff2] 4624 --- [http-nio-9090-exec-1] c.c.service.CustomUserDetailService      : END - loadUserByUsername
2022-05-19 21:53:12.935  INFO [authorizationService,0795e4ec54640aab,a41c03f43a2a9ff2] 4624 --- [http-nio-9090-exec-1] c.c.controller.AuthorizationController   : END - authorization
2022-05-19 21:53:13.126  INFO [authorizationService,0795e4ec54640aab,892593f7ab2283aa] 4624 --- [http-nio-9090-exec-2] c.c.service.CustomUserDetailService      : STARTED - loadUserByUsername
2022-05-19 21:53:13.131  INFO [authorizationService,0795e4ec54640aab,892593f7ab2283aa] 4624 --- [http-nio-9090-exec-2] c.c.service.CustomUserDetailService      : END - loadUserByUsername
2022-05-19 21:53:13.135  INFO [authorizationService,0795e4ec54640aab,892593f7ab2283aa] 4624 --- [http-nio-9090-exec-2] c.c.controller.AuthorizationController   : STARTED - authorization
2022-05-19 21:53:13.136  INFO [authorizationService,0795e4ec54640aab,892593f7ab2283aa] 4624 --- [http-nio-9090-exec-2] c.c.service.CustomUserDetailService      : STARTED - loadUserByUsername
2022-05-19 21:53:13.138  INFO [authorizationService,0795e4ec54640aab,892593f7ab2283aa] 4624 --- [http-nio-9090-exec-2] c.c.service.CustomUserDetailService      : END - loadUserByUsername
2022-05-19 21:53:13.142  INFO [authorizationService,0795e4ec54640aab,892593f7ab2283aa] 4624 --- [http-nio-9090-exec-2] c.c.controller.AuthorizationController   : END - authorization
2022-05-19 21:53:49.428  INFO [authorizationService,a36752864451a8c7,c56c9814e465199a] 4624 --- [http-nio-9090-exec-3] c.c.service.CustomUserDetailService      : STARTED - loadUserByUsername
2022-05-19 21:53:49.429  INFO [authorizationService,a36752864451a8c7,c56c9814e465199a] 4624 --- [http-nio-9090-exec-3] c.c.service.CustomUserDetailService      : END - loadUserByUsername
2022-05-19 21:53:49.431  INFO [authorizationService,a36752864451a8c7,c56c9814e465199a] 4624 --- [http-nio-9090-exec-3] c.c.controller.AuthorizationController   : STARTED - authorization
2022-05-19 21:53:49.432  INFO [authorizationService,a36752864451a8c7,c56c9814e465199a] 4624 --- [http-nio-9090-exec-3] c.c.service.CustomUserDetailService      : STARTED - loadUserByUsername
2022-05-19 21:53:49.434  INFO [authorizationService,a36752864451a8c7,c56c9814e465199a] 4624 --- [http-nio-9090-exec-3] c.c.service.CustomUserDetailService      : END - loadUserByUsername
2022-05-19 21:53:49.436  INFO [authorizationService,a36752864451a8c7,c56c9814e465199a] 4624 --- [http-nio-9090-exec-3] c.c.controller.AuthorizationController   : END - authorization
2022-05-19 21:53:50.550  INFO [authorizationService,a36752864451a8c7,b3e88c39ee5458d8] 4624 --- [http-nio-9090-exec-4] c.c.service.CustomUserDetailService      : STARTED - loadUserByUsername
2022-05-19 21:53:50.553  INFO [authorizationService,a36752864451a8c7,b3e88c39ee5458d8] 4624 --- [http-nio-9090-exec-4] c.c.service.CustomUserDetailService      : END - loadUserByUsername
2022-05-19 21:53:50.555  INFO [authorizationService,a36752864451a8c7,b3e88c39ee5458d8] 4624 --- [http-nio-9090-exec-4] c.c.controller.AuthorizationController   : STARTED - authorization
2022-05-19 21:53:50.557  INFO [authorizationService,a36752864451a8c7,b3e88c39ee5458d8] 4624 --- [http-nio-9090-exec-4] c.c.service.CustomUserDetailService      : STARTED - loadUserByUsername
2022-05-19 21:53:50.559  INFO [authorizationService,a36752864451a8c7,b3e88c39ee5458d8] 4624 --- [http-nio-9090-exec-4] c.c.service.CustomUserDetailService      : END - loadUserByUsername
2022-05-19 21:53:50.561  INFO [authorizationService,a36752864451a8c7,b3e88c39ee5458d8] 4624 --- [http-nio-9090-exec-4] c.c.controller.AuthorizationController   : END - authorization
2022-05-19 22:00:07.733  INFO [authorizationService,532a0a21bdacf331,82666b044510cb4d] 4624 --- [http-nio-9090-exec-7] c.c.service.CustomUserDetailService      : STARTED - loadUserByUsername
2022-05-19 22:00:07.737  INFO [authorizationService,532a0a21bdacf331,82666b044510cb4d] 4624 --- [http-nio-9090-exec-7] c.c.service.CustomUserDetailService      : END - loadUserByUsername
2022-05-19 22:00:07.740  INFO [authorizationService,532a0a21bdacf331,82666b044510cb4d] 4624 --- [http-nio-9090-exec-7] c.c.controller.AuthorizationController   : STARTED - authorization
2022-05-19 22:00:07.741  INFO [authorizationService,532a0a21bdacf331,82666b044510cb4d] 4624 --- [http-nio-9090-exec-7] c.c.service.CustomUserDetailService      : STARTED - loadUserByUsername
2022-05-19 22:00:07.743  INFO [authorizationService,532a0a21bdacf331,82666b044510cb4d] 4624 --- [http-nio-9090-exec-7] c.c.service.CustomUserDetailService      : END - loadUserByUsername
2022-05-19 22:00:07.745  INFO [authorizationService,532a0a21bdacf331,82666b044510cb4d] 4624 --- [http-nio-9090-exec-7] c.c.controller.AuthorizationController   : END - authorization
2022-05-19 22:00:07.775  INFO [authorizationService,532a0a21bdacf331,658a6890267588b6] 4624 --- [http-nio-9090-exec-8] c.c.service.CustomUserDetailService      : STARTED - loadUserByUsername
2022-05-19 22:00:07.777  INFO [authorizationService,532a0a21bdacf331,658a6890267588b6] 4624 --- [http-nio-9090-exec-8] c.c.service.CustomUserDetailService      : END - loadUserByUsername
2022-05-19 22:00:07.780  INFO [authorizationService,532a0a21bdacf331,658a6890267588b6] 4624 --- [http-nio-9090-exec-8] c.c.controller.AuthorizationController   : STARTED - authorization
2022-05-19 22:00:07.781  INFO [authorizationService,532a0a21bdacf331,658a6890267588b6] 4624 --- [http-nio-9090-exec-8] c.c.service.CustomUserDetailService      : STARTED - loadUserByUsername
2022-05-19 22:00:07.783  INFO [authorizationService,532a0a21bdacf331,658a6890267588b6] 4624 --- [http-nio-9090-exec-8] c.c.service.CustomUserDetailService      : END - loadUserByUsername
2022-05-19 22:00:07.785  INFO [authorizationService,532a0a21bdacf331,658a6890267588b6] 4624 --- [http-nio-9090-exec-8] c.c.controller.AuthorizationController   : END - authorization
2022-05-19 22:00:31.248  INFO [authorizationService,c8e37ac5b0adb294,97143b5f05a25d37] 4624 --- [http-nio-9090-exec-9] c.c.controller.AuthorizationController   : STARTED - generateToken
2022-05-19 22:00:31.249  INFO [authorizationService,c8e37ac5b0adb294,97143b5f05a25d37] 4624 --- [http-nio-9090-exec-9] c.c.service.CustomUserDetailService      : STARTED - loadUserByUsername
2022-05-19 22:00:31.250  INFO [authorizationService,c8e37ac5b0adb294,97143b5f05a25d37] 4624 --- [http-nio-9090-exec-9] c.c.service.CustomUserDetailService      : END - loadUserByUsername
2022-05-19 22:00:31.251  INFO [authorizationService,c8e37ac5b0adb294,97143b5f05a25d37] 4624 --- [http-nio-9090-exec-9] c.c.controller.AuthorizationController   : END - generateToken
2022-05-19 22:01:38.619  INFO [authorizationService,f807cec74ad3affb,786c01adfb7f99c9] 4624 --- [http-nio-9090-exec-2] c.c.controller.AuthorizationController   : STARTED - generateToken
2022-05-19 22:01:38.620  INFO [authorizationService,f807cec74ad3affb,786c01adfb7f99c9] 4624 --- [http-nio-9090-exec-2] c.c.service.CustomUserDetailService      : STARTED - loadUserByUsername
2022-05-19 22:01:38.621  INFO [authorizationService,f807cec74ad3affb,786c01adfb7f99c9] 4624 --- [http-nio-9090-exec-2] c.c.service.CustomUserDetailService      : END - loadUserByUsername
2022-05-19 22:01:38.622  INFO [authorizationService,f807cec74ad3affb,786c01adfb7f99c9] 4624 --- [http-nio-9090-exec-2] c.c.controller.AuthorizationController   : END - generateToken
2022-05-19 22:02:23.451  INFO [authorizationService,eaf8ac96288d3ace,0fa31363c141ed46] 4624 --- [http-nio-9090-exec-3] c.c.controller.AuthorizationController   : STARTED - generateToken
2022-05-19 22:02:23.452  INFO [authorizationService,eaf8ac96288d3ace,0fa31363c141ed46] 4624 --- [http-nio-9090-exec-3] c.c.service.CustomUserDetailService      : STARTED - loadUserByUsername
2022-05-19 22:02:23.453  INFO [authorizationService,eaf8ac96288d3ace,0fa31363c141ed46] 4624 --- [http-nio-9090-exec-3] c.c.service.CustomUserDetailService      : END - loadUserByUsername
2022-05-19 22:02:23.454  INFO [authorizationService,eaf8ac96288d3ace,0fa31363c141ed46] 4624 --- [http-nio-9090-exec-3] c.c.controller.AuthorizationController   : END - generateToken
2022-05-19 22:06:06.296  INFO [authorizationService,9678ee11c2694007,8acfb7e6193189d4] 4624 --- [http-nio-9090-exec-5] c.c.service.CustomUserDetailService      : STARTED - loadUserByUsername
2022-05-19 22:06:06.299  INFO [authorizationService,9678ee11c2694007,8acfb7e6193189d4] 4624 --- [http-nio-9090-exec-5] c.c.service.CustomUserDetailService      : END - loadUserByUsername
2022-05-19 22:06:06.303  INFO [authorizationService,9678ee11c2694007,8acfb7e6193189d4] 4624 --- [http-nio-9090-exec-5] c.c.controller.AuthorizationController   : STARTED - authorization
2022-05-19 22:06:06.304  INFO [authorizationService,9678ee11c2694007,8acfb7e6193189d4] 4624 --- [http-nio-9090-exec-5] c.c.service.CustomUserDetailService      : STARTED - loadUserByUsername
2022-05-19 22:06:06.305  INFO [authorizationService,9678ee11c2694007,8acfb7e6193189d4] 4624 --- [http-nio-9090-exec-5] c.c.service.CustomUserDetailService      : END - loadUserByUsername
2022-05-19 22:06:06.307  INFO [authorizationService,9678ee11c2694007,8acfb7e6193189d4] 4624 --- [http-nio-9090-exec-5] c.c.controller.AuthorizationController   : END - authorization
2022-05-19 22:06:06.327  INFO [authorizationService,9678ee11c2694007,9333b5895510bc4b] 4624 --- [http-nio-9090-exec-6] c.c.service.CustomUserDetailService      : STARTED - loadUserByUsername
2022-05-19 22:06:06.328  INFO [authorizationService,9678ee11c2694007,9333b5895510bc4b] 4624 --- [http-nio-9090-exec-6] c.c.service.CustomUserDetailService      : END - loadUserByUsername
2022-05-19 22:06:06.334  INFO [authorizationService,9678ee11c2694007,9333b5895510bc4b] 4624 --- [http-nio-9090-exec-6] c.c.controller.AuthorizationController   : STARTED - authorization
2022-05-19 22:06:06.334  INFO [authorizationService,9678ee11c2694007,9333b5895510bc4b] 4624 --- [http-nio-9090-exec-6] c.c.service.CustomUserDetailService      : STARTED - loadUserByUsername
2022-05-19 22:06:06.336  INFO [authorizationService,9678ee11c2694007,9333b5895510bc4b] 4624 --- [http-nio-9090-exec-6] c.c.service.CustomUserDetailService      : END - loadUserByUsername
2022-05-19 22:06:06.337  INFO [authorizationService,9678ee11c2694007,9333b5895510bc4b] 4624 --- [http-nio-9090-exec-6] c.c.controller.AuthorizationController   : END - authorization
2022-05-19 22:06:22.400  INFO [authorizationService,323d9cbd6e1e3258,ce4a517d41ee0f78] 4624 --- [http-nio-9090-exec-7] c.c.service.CustomUserDetailService      : STARTED - loadUserByUsername
2022-05-19 22:06:22.401  INFO [authorizationService,323d9cbd6e1e3258,ce4a517d41ee0f78] 4624 --- [http-nio-9090-exec-7] c.c.service.CustomUserDetailService      : END - loadUserByUsername
2022-05-19 22:06:22.406  INFO [authorizationService,323d9cbd6e1e3258,ce4a517d41ee0f78] 4624 --- [http-nio-9090-exec-7] c.c.controller.AuthorizationController   : STARTED - authorization
2022-05-19 22:06:22.407  INFO [authorizationService,323d9cbd6e1e3258,ce4a517d41ee0f78] 4624 --- [http-nio-9090-exec-7] c.c.service.CustomUserDetailService      : STARTED - loadUserByUsername
2022-05-19 22:06:22.408  INFO [authorizationService,323d9cbd6e1e3258,ce4a517d41ee0f78] 4624 --- [http-nio-9090-exec-7] c.c.service.CustomUserDetailService      : END - loadUserByUsername
2022-05-19 22:06:22.410  INFO [authorizationService,323d9cbd6e1e3258,ce4a517d41ee0f78] 4624 --- [http-nio-9090-exec-7] c.c.controller.AuthorizationController   : END - authorization
2022-05-19 22:06:22.424  INFO [authorizationService,323d9cbd6e1e3258,dea3fa2aa7072514] 4624 --- [http-nio-9090-exec-8] c.c.service.CustomUserDetailService      : STARTED - loadUserByUsername
2022-05-19 22:06:22.426  INFO [authorizationService,323d9cbd6e1e3258,dea3fa2aa7072514] 4624 --- [http-nio-9090-exec-8] c.c.service.CustomUserDetailService      : END - loadUserByUsername
2022-05-19 22:06:22.428  INFO [authorizationService,323d9cbd6e1e3258,dea3fa2aa7072514] 4624 --- [http-nio-9090-exec-8] c.c.controller.AuthorizationController   : STARTED - authorization
2022-05-19 22:06:22.429  INFO [authorizationService,323d9cbd6e1e3258,dea3fa2aa7072514] 4624 --- [http-nio-9090-exec-8] c.c.service.CustomUserDetailService      : STARTED - loadUserByUsername
2022-05-19 22:06:22.430  INFO [authorizationService,323d9cbd6e1e3258,dea3fa2aa7072514] 4624 --- [http-nio-9090-exec-8] c.c.service.CustomUserDetailService      : END - loadUserByUsername
2022-05-19 22:06:22.431  INFO [authorizationService,323d9cbd6e1e3258,dea3fa2aa7072514] 4624 --- [http-nio-9090-exec-8] c.c.controller.AuthorizationController   : END - authorization
2022-05-19 22:08:28.119  INFO [authorizationService,c5886962108e6afe,ce28c6b92a5f85d3] 4624 --- [http-nio-9090-exec-1] c.c.service.CustomUserDetailService      : STARTED - loadUserByUsername
2022-05-19 22:08:28.120  INFO [authorizationService,c5886962108e6afe,ce28c6b92a5f85d3] 4624 --- [http-nio-9090-exec-1] c.c.service.CustomUserDetailService      : END - loadUserByUsername
2022-05-19 22:08:28.122  INFO [authorizationService,c5886962108e6afe,ce28c6b92a5f85d3] 4624 --- [http-nio-9090-exec-1] c.c.controller.AuthorizationController   : STARTED - authorization
2022-05-19 22:08:28.123  INFO [authorizationService,c5886962108e6afe,ce28c6b92a5f85d3] 4624 --- [http-nio-9090-exec-1] c.c.service.CustomUserDetailService      : STARTED - loadUserByUsername
2022-05-19 22:08:28.124  INFO [authorizationService,c5886962108e6afe,ce28c6b92a5f85d3] 4624 --- [http-nio-9090-exec-1] c.c.service.CustomUserDetailService      : END - loadUserByUsername
2022-05-19 22:08:28.125  INFO [authorizationService,c5886962108e6afe,ce28c6b92a5f85d3] 4624 --- [http-nio-9090-exec-1] c.c.controller.AuthorizationController   : END - authorization
2022-05-19 22:08:28.145  INFO [authorizationService,c5886962108e6afe,dbfcd9b33710dc51] 4624 --- [http-nio-9090-exec-2] c.c.service.CustomUserDetailService      : STARTED - loadUserByUsername
2022-05-19 22:08:28.146  INFO [authorizationService,c5886962108e6afe,dbfcd9b33710dc51] 4624 --- [http-nio-9090-exec-2] c.c.service.CustomUserDetailService      : END - loadUserByUsername
2022-05-19 22:08:28.148  INFO [authorizationService,c5886962108e6afe,dbfcd9b33710dc51] 4624 --- [http-nio-9090-exec-2] c.c.controller.AuthorizationController   : STARTED - authorization
2022-05-19 22:08:28.149  INFO [authorizationService,c5886962108e6afe,dbfcd9b33710dc51] 4624 --- [http-nio-9090-exec-2] c.c.service.CustomUserDetailService      : STARTED - loadUserByUsername
2022-05-19 22:08:28.153  INFO [authorizationService,c5886962108e6afe,dbfcd9b33710dc51] 4624 --- [http-nio-9090-exec-2] c.c.service.CustomUserDetailService      : END - loadUserByUsername
2022-05-19 22:08:28.155  INFO [authorizationService,c5886962108e6afe,dbfcd9b33710dc51] 4624 --- [http-nio-9090-exec-2] c.c.controller.AuthorizationController   : END - authorization
2022-05-19 22:09:24.832  INFO [authorizationService,b0b9d4615a42a125,194121239fa4f14b] 4624 --- [http-nio-9090-exec-3] c.c.service.CustomUserDetailService      : STARTED - loadUserByUsername
2022-05-19 22:09:24.834  INFO [authorizationService,b0b9d4615a42a125,194121239fa4f14b] 4624 --- [http-nio-9090-exec-3] c.c.service.CustomUserDetailService      : END - loadUserByUsername
2022-05-19 22:09:24.836  INFO [authorizationService,b0b9d4615a42a125,194121239fa4f14b] 4624 --- [http-nio-9090-exec-3] c.c.controller.AuthorizationController   : STARTED - authorization
2022-05-19 22:09:24.840  INFO [authorizationService,b0b9d4615a42a125,194121239fa4f14b] 4624 --- [http-nio-9090-exec-3] c.c.service.CustomUserDetailService      : STARTED - loadUserByUsername
2022-05-19 22:09:24.841  INFO [authorizationService,b0b9d4615a42a125,194121239fa4f14b] 4624 --- [http-nio-9090-exec-3] c.c.service.CustomUserDetailService      : END - loadUserByUsername
2022-05-19 22:09:24.843  INFO [authorizationService,b0b9d4615a42a125,194121239fa4f14b] 4624 --- [http-nio-9090-exec-3] c.c.controller.AuthorizationController   : END - authorization
2022-05-19 22:09:24.857  INFO [authorizationService,b0b9d4615a42a125,a744f77d85940241] 4624 --- [http-nio-9090-exec-4] c.c.service.CustomUserDetailService      : STARTED - loadUserByUsername
2022-05-19 22:09:24.859  INFO [authorizationService,b0b9d4615a42a125,a744f77d85940241] 4624 --- [http-nio-9090-exec-4] c.c.service.CustomUserDetailService      : END - loadUserByUsername
2022-05-19 22:09:24.861  INFO [authorizationService,b0b9d4615a42a125,a744f77d85940241] 4624 --- [http-nio-9090-exec-4] c.c.controller.AuthorizationController   : STARTED - authorization
2022-05-19 22:09:24.862  INFO [authorizationService,b0b9d4615a42a125,a744f77d85940241] 4624 --- [http-nio-9090-exec-4] c.c.service.CustomUserDetailService      : STARTED - loadUserByUsername
2022-05-19 22:09:24.863  INFO [authorizationService,b0b9d4615a42a125,a744f77d85940241] 4624 --- [http-nio-9090-exec-4] c.c.service.CustomUserDetailService      : END - loadUserByUsername
2022-05-19 22:09:24.865  INFO [authorizationService,b0b9d4615a42a125,a744f77d85940241] 4624 --- [http-nio-9090-exec-4] c.c.controller.AuthorizationController   : END - authorization
2022-05-19 22:15:14.327  INFO [authorizationService,87d04022260b12d1,51a76259e6dc7105] 4624 --- [http-nio-9090-exec-7] c.c.service.CustomUserDetailService      : STARTED - loadUserByUsername
2022-05-19 22:15:14.329  INFO [authorizationService,87d04022260b12d1,51a76259e6dc7105] 4624 --- [http-nio-9090-exec-7] c.c.service.CustomUserDetailService      : END - loadUserByUsername
2022-05-19 22:15:14.331  INFO [authorizationService,87d04022260b12d1,51a76259e6dc7105] 4624 --- [http-nio-9090-exec-7] c.c.controller.AuthorizationController   : STARTED - authorization
2022-05-19 22:15:14.332  INFO [authorizationService,87d04022260b12d1,51a76259e6dc7105] 4624 --- [http-nio-9090-exec-7] c.c.service.CustomUserDetailService      : STARTED - loadUserByUsername
2022-05-19 22:15:14.333  INFO [authorizationService,87d04022260b12d1,51a76259e6dc7105] 4624 --- [http-nio-9090-exec-7] c.c.service.CustomUserDetailService      : END - loadUserByUsername
2022-05-19 22:15:14.336  INFO [authorizationService,87d04022260b12d1,51a76259e6dc7105] 4624 --- [http-nio-9090-exec-7] c.c.controller.AuthorizationController   : END - authorization
2022-05-19 22:15:14.364  INFO [authorizationService,87d04022260b12d1,05bdbf1f29d39c68] 4624 --- [http-nio-9090-exec-8] c.c.service.CustomUserDetailService      : STARTED - loadUserByUsername
2022-05-19 22:15:14.366  INFO [authorizationService,87d04022260b12d1,05bdbf1f29d39c68] 4624 --- [http-nio-9090-exec-8] c.c.service.CustomUserDetailService      : END - loadUserByUsername
2022-05-19 22:15:14.371  INFO [authorizationService,87d04022260b12d1,05bdbf1f29d39c68] 4624 --- [http-nio-9090-exec-8] c.c.controller.AuthorizationController   : STARTED - authorization
2022-05-19 22:15:14.372  INFO [authorizationService,87d04022260b12d1,05bdbf1f29d39c68] 4624 --- [http-nio-9090-exec-8] c.c.service.CustomUserDetailService      : STARTED - loadUserByUsername
2022-05-19 22:15:14.373  INFO [authorizationService,87d04022260b12d1,05bdbf1f29d39c68] 4624 --- [http-nio-9090-exec-8] c.c.service.CustomUserDetailService      : END - loadUserByUsername
2022-05-19 22:15:14.374  INFO [authorizationService,87d04022260b12d1,05bdbf1f29d39c68] 4624 --- [http-nio-9090-exec-8] c.c.controller.AuthorizationController   : END - authorization
2022-05-19 22:15:43.633  INFO [authorizationService,65177db560abb748,26dd6497314e4f27] 4624 --- [http-nio-9090-exec-9] c.c.service.CustomUserDetailService      : STARTED - loadUserByUsername
2022-05-19 22:15:43.635  INFO [authorizationService,65177db560abb748,26dd6497314e4f27] 4624 --- [http-nio-9090-exec-9] c.c.service.CustomUserDetailService      : END - loadUserByUsername
2022-05-19 22:15:43.637  INFO [authorizationService,65177db560abb748,26dd6497314e4f27] 4624 --- [http-nio-9090-exec-9] c.c.controller.AuthorizationController   : STARTED - authorization
2022-05-19 22:15:43.638  INFO [authorizationService,65177db560abb748,26dd6497314e4f27] 4624 --- [http-nio-9090-exec-9] c.c.service.CustomUserDetailService      : STARTED - loadUserByUsername
2022-05-19 22:15:43.639  INFO [authorizationService,65177db560abb748,26dd6497314e4f27] 4624 --- [http-nio-9090-exec-9] c.c.service.CustomUserDetailService      : END - loadUserByUsername
2022-05-19 22:15:43.640  INFO [authorizationService,65177db560abb748,26dd6497314e4f27] 4624 --- [http-nio-9090-exec-9] c.c.controller.AuthorizationController   : END - authorization
2022-05-19 22:15:43.668  INFO [authorizationService,65177db560abb748,9d6243a864cbace2] 4624 --- [http-nio-9090-exec-10] c.c.service.CustomUserDetailService      : STARTED - loadUserByUsername
2022-05-19 22:15:43.669  INFO [authorizationService,65177db560abb748,9d6243a864cbace2] 4624 --- [http-nio-9090-exec-10] c.c.service.CustomUserDetailService      : END - loadUserByUsername
2022-05-19 22:15:43.672  INFO [authorizationService,65177db560abb748,9d6243a864cbace2] 4624 --- [http-nio-9090-exec-10] c.c.controller.AuthorizationController   : STARTED - authorization
2022-05-19 22:15:43.673  INFO [authorizationService,65177db560abb748,9d6243a864cbace2] 4624 --- [http-nio-9090-exec-10] c.c.service.CustomUserDetailService      : STARTED - loadUserByUsername
2022-05-19 22:15:43.675  INFO [authorizationService,65177db560abb748,9d6243a864cbace2] 4624 --- [http-nio-9090-exec-10] c.c.service.CustomUserDetailService      : END - loadUserByUsername
2022-05-19 22:15:43.676  INFO [authorizationService,65177db560abb748,9d6243a864cbace2] 4624 --- [http-nio-9090-exec-10] c.c.controller.AuthorizationController   : END - authorization
2022-05-19 22:17:06.329  INFO [authorizationService,0db3c7f7f7d181a8,217035bdc273cb9a] 4624 --- [http-nio-9090-exec-3] c.c.service.CustomUserDetailService      : STARTED - loadUserByUsername
2022-05-19 22:17:06.331  INFO [authorizationService,0db3c7f7f7d181a8,217035bdc273cb9a] 4624 --- [http-nio-9090-exec-3] c.c.service.CustomUserDetailService      : END - loadUserByUsername
2022-05-19 22:17:06.333  INFO [authorizationService,0db3c7f7f7d181a8,217035bdc273cb9a] 4624 --- [http-nio-9090-exec-3] c.c.controller.AuthorizationController   : STARTED - authorization
2022-05-19 22:17:06.334  INFO [authorizationService,0db3c7f7f7d181a8,217035bdc273cb9a] 4624 --- [http-nio-9090-exec-3] c.c.service.CustomUserDetailService      : STARTED - loadUserByUsername
2022-05-19 22:17:06.336  INFO [authorizationService,0db3c7f7f7d181a8,217035bdc273cb9a] 4624 --- [http-nio-9090-exec-3] c.c.service.CustomUserDetailService      : END - loadUserByUsername
2022-05-19 22:17:06.337  INFO [authorizationService,0db3c7f7f7d181a8,217035bdc273cb9a] 4624 --- [http-nio-9090-exec-3] c.c.controller.AuthorizationController   : END - authorization
2022-05-19 22:17:06.357  INFO [authorizationService,0db3c7f7f7d181a8,01e154b8211043d0] 4624 --- [http-nio-9090-exec-4] c.c.service.CustomUserDetailService      : STARTED - loadUserByUsername
2022-05-19 22:17:06.358  INFO [authorizationService,0db3c7f7f7d181a8,01e154b8211043d0] 4624 --- [http-nio-9090-exec-4] c.c.service.CustomUserDetailService      : END - loadUserByUsername
2022-05-19 22:17:06.363  INFO [authorizationService,0db3c7f7f7d181a8,01e154b8211043d0] 4624 --- [http-nio-9090-exec-4] c.c.controller.AuthorizationController   : STARTED - authorization
2022-05-19 22:17:06.364  INFO [authorizationService,0db3c7f7f7d181a8,01e154b8211043d0] 4624 --- [http-nio-9090-exec-4] c.c.service.CustomUserDetailService      : STARTED - loadUserByUsername
2022-05-19 22:17:06.365  INFO [authorizationService,0db3c7f7f7d181a8,01e154b8211043d0] 4624 --- [http-nio-9090-exec-4] c.c.service.CustomUserDetailService      : END - loadUserByUsername
2022-05-19 22:17:06.366  INFO [authorizationService,0db3c7f7f7d181a8,01e154b8211043d0] 4624 --- [http-nio-9090-exec-4] c.c.controller.AuthorizationController   : END - authorization
2022-05-19 22:18:17.729  INFO [authorizationService,091a606e89636f57,63899188770b8be2] 4624 --- [http-nio-9090-exec-7] c.c.controller.AuthorizationController   : STARTED - generateToken
2022-05-19 22:18:17.731  INFO [authorizationService,091a606e89636f57,63899188770b8be2] 4624 --- [http-nio-9090-exec-7] c.c.service.CustomUserDetailService      : STARTED - loadUserByUsername
2022-05-19 22:18:17.733  INFO [authorizationService,091a606e89636f57,63899188770b8be2] 4624 --- [http-nio-9090-exec-7] c.c.service.CustomUserDetailService      : END - loadUserByUsername
2022-05-19 22:18:17.733  INFO [authorizationService,091a606e89636f57,63899188770b8be2] 4624 --- [http-nio-9090-exec-7] c.c.controller.AuthorizationController   : END - generateToken
2022-05-19 22:18:27.046  INFO [authorizationService,7b0447d983ee95f4,74542f92b0c1bcc5] 4624 --- [http-nio-9090-exec-8] c.c.service.CustomUserDetailService      : STARTED - loadUserByUsername
2022-05-19 22:18:27.047  INFO [authorizationService,7b0447d983ee95f4,74542f92b0c1bcc5] 4624 --- [http-nio-9090-exec-8] c.c.service.CustomUserDetailService      : END - loadUserByUsername
2022-05-19 22:18:27.049  INFO [authorizationService,7b0447d983ee95f4,74542f92b0c1bcc5] 4624 --- [http-nio-9090-exec-8] c.c.controller.AuthorizationController   : STARTED - authorization
2022-05-19 22:18:27.051  INFO [authorizationService,7b0447d983ee95f4,74542f92b0c1bcc5] 4624 --- [http-nio-9090-exec-8] c.c.service.CustomUserDetailService      : STARTED - loadUserByUsername
2022-05-19 22:18:27.053  INFO [authorizationService,7b0447d983ee95f4,74542f92b0c1bcc5] 4624 --- [http-nio-9090-exec-8] c.c.service.CustomUserDetailService      : END - loadUserByUsername
2022-05-19 22:18:27.055  INFO [authorizationService,7b0447d983ee95f4,74542f92b0c1bcc5] 4624 --- [http-nio-9090-exec-8] c.c.controller.AuthorizationController   : END - authorization
2022-05-19 22:18:27.117  INFO [authorizationService,67399fe38fe88b4d,6c427556a074065f] 4624 --- [http-nio-9090-exec-9] c.c.service.CustomUserDetailService      : STARTED - loadUserByUsername
2022-05-19 22:18:27.119  INFO [authorizationService,67399fe38fe88b4d,6c427556a074065f] 4624 --- [http-nio-9090-exec-9] c.c.service.CustomUserDetailService      : END - loadUserByUsername
2022-05-19 22:18:27.121  INFO [authorizationService,67399fe38fe88b4d,6c427556a074065f] 4624 --- [http-nio-9090-exec-9] c.c.controller.AuthorizationController   : STARTED - authorization
2022-05-19 22:18:27.127  INFO [authorizationService,67399fe38fe88b4d,6c427556a074065f] 4624 --- [http-nio-9090-exec-9] c.c.service.CustomUserDetailService      : STARTED - loadUserByUsername
2022-05-19 22:18:27.128  INFO [authorizationService,67399fe38fe88b4d,6c427556a074065f] 4624 --- [http-nio-9090-exec-9] c.c.service.CustomUserDetailService      : END - loadUserByUsername
2022-05-19 22:18:27.132  INFO [authorizationService,67399fe38fe88b4d,6c427556a074065f] 4624 --- [http-nio-9090-exec-9] c.c.controller.AuthorizationController   : END - authorization
