2022-04-25 14:05:30.342  INFO [ProcessPensionService,,] 6580 --- [restartedMain] .c.ProcessPensionMicroserviceApplication : Starting ProcessPensionMicroserviceApplication using Java 1.8.0_141 on LTIN310484 with PID 6580 (C:\Users\894566\OneDrive - Cognizant\Desktop\FSE0\Pension management\PensionManagementSystem-master\PensionManagementSystem-master\process-pension-microservice\target\classes started by 894566 in C:\Users\894566\OneDrive - Cognizant\Desktop\FSE0\Pension management\PensionManagementSystem-master\PensionManagementSystem-master\process-pension-microservice)
2022-04-25 14:05:30.377  INFO [ProcessPensionService,,] 6580 --- [restartedMain] .c.ProcessPensionMicroserviceApplication : No active profile set, falling back to default profiles: default
2022-04-25 14:05:30.535  INFO [ProcessPensionService,,] 6580 --- [restartedMain] .e.DevToolsPropertyDefaultsPostProcessor : Devtools property defaults active! Set 'spring.devtools.add-properties' to 'false' to disable
2022-04-25 14:05:30.535  INFO [ProcessPensionService,,] 6580 --- [restartedMain] .e.DevToolsPropertyDefaultsPostProcessor : For additional web related logging consider setting the 'logging.level.web' property to 'DEBUG'
2022-04-25 14:05:32.908  INFO [ProcessPensionService,,] 6580 --- [restartedMain] .s.d.r.c.RepositoryConfigurationDelegate : Bootstrapping Spring Data JPA repositories in DEFAULT mode.
2022-04-25 14:05:33.014  INFO [ProcessPensionService,,] 6580 --- [restartedMain] .s.d.r.c.RepositoryConfigurationDelegate : Finished Spring Data repository scanning in 91 ms. Found 1 JPA repository interfaces.
2022-04-25 14:05:33.811  INFO [ProcessPensionService,,] 6580 --- [restartedMain] o.s.cloud.context.scope.GenericScope     : BeanFactory id=aedbabc9-619a-3221-8f27-00d06022321f
2022-04-25 14:05:35.878  INFO [ProcessPensionService,,] 6580 --- [restartedMain] o.s.b.w.embedded.tomcat.TomcatWebServer  : Tomcat initialized with port(s): 9084 (http)
2022-04-25 14:05:35.891  INFO [ProcessPensionService,,] 6580 --- [restartedMain] o.apache.catalina.core.StandardService   : Starting service [Tomcat]
2022-04-25 14:05:35.891  INFO [ProcessPensionService,,] 6580 --- [restartedMain] org.apache.catalina.core.StandardEngine  : Starting Servlet engine: [Apache Tomcat/9.0.50]
2022-04-25 14:05:36.054  INFO [ProcessPensionService,,] 6580 --- [restartedMain] o.a.c.c.C.[Tomcat].[localhost].[/]       : Initializing Spring embedded WebApplicationContext
2022-04-25 14:05:36.055  INFO [ProcessPensionService,,] 6580 --- [restartedMain] w.s.c.ServletWebServerApplicationContext : Root WebApplicationContext: initialization completed in 5518 ms
2022-04-25 14:05:36.173  INFO [ProcessPensionService,,] 6580 --- [restartedMain] com.zaxxer.hikari.HikariDataSource       : HikariPool-1 - Starting...
2022-04-25 14:05:36.574  INFO [ProcessPensionService,,] 6580 --- [restartedMain] com.zaxxer.hikari.HikariDataSource       : HikariPool-1 - Start completed.
2022-04-25 14:05:36.586  INFO [ProcessPensionService,,] 6580 --- [restartedMain] o.s.b.a.h2.H2ConsoleAutoConfiguration    : H2 console available at '/h2-console'. Database available at 'jdbc:h2:mem:testDB'
2022-04-25 14:05:37.626  INFO [ProcessPensionService,,] 6580 --- [restartedMain] o.hibernate.jpa.internal.util.LogHelper  : HHH000204: Processing PersistenceUnitInfo [name: default]
2022-04-25 14:05:37.714  INFO [ProcessPensionService,,] 6580 --- [restartedMain] org.hibernate.Version                    : HHH000412: Hibernate ORM core version 5.4.32.Final
2022-04-25 14:05:37.982  INFO [ProcessPensionService,,] 6580 --- [restartedMain] o.hibernate.annotations.common.Version   : HCANN000001: Hibernate Commons Annotations {5.1.2.Final}
2022-04-25 14:05:38.148  INFO [ProcessPensionService,,] 6580 --- [restartedMain] org.hibernate.dialect.Dialect            : HHH000400: Using dialect: org.hibernate.dialect.H2Dialect
2022-04-25 14:05:38.991  INFO [ProcessPensionService,,] 6580 --- [restartedMain] o.h.e.t.j.p.i.JtaPlatformInitiator       : HHH000490: Using JtaPlatform implementation: [org.hibernate.engine.transaction.jta.platform.internal.NoJtaPlatform]
2022-04-25 14:05:39.006  INFO [ProcessPensionService,,] 6580 --- [restartedMain] j.LocalContainerEntityManagerFactoryBean : Initialized JPA EntityManagerFactory for persistence unit 'default'
2022-04-25 14:05:39.081  WARN [ProcessPensionService,,] 6580 --- [restartedMain] o.s.b.d.a.OptionalLiveReloadServer       : Unable to start LiveReload server
2022-04-25 14:05:39.385  WARN [ProcessPensionService,,] 6580 --- [restartedMain] JpaBaseConfiguration$JpaWebConfiguration : spring.jpa.open-in-view is enabled by default. Therefore, database queries may be performed during view rendering. Explicitly configure spring.jpa.open-in-view to disable this warning
2022-04-25 14:05:43.105  INFO [ProcessPensionService,,] 6580 --- [restartedMain] o.s.b.w.embedded.tomcat.TomcatWebServer  : Tomcat started on port(s): 9084 (http) with context path ''
2022-04-25 14:05:43.759  INFO [ProcessPensionService,,] 6580 --- [restartedMain] d.s.w.p.DocumentationPluginsBootstrapper : Context refreshed
2022-04-25 14:05:43.783  INFO [ProcessPensionService,,] 6580 --- [restartedMain] d.s.w.p.DocumentationPluginsBootstrapper : Found 1 custom documentation plugin(s)
2022-04-25 14:05:43.801  INFO [ProcessPensionService,,] 6580 --- [restartedMain] s.d.s.w.s.ApiListingReferenceScanner     : Scanning for api listing references
2022-04-25 14:05:44.022  INFO [ProcessPensionService,,] 6580 --- [restartedMain] .c.ProcessPensionMicroserviceApplication : Started ProcessPensionMicroserviceApplication in 15.647 seconds (JVM running for 17.069)
2022-04-25 14:06:10.393  INFO [ProcessPensionService,,] 6580 --- [http-nio-9084-exec-1] o.a.c.c.C.[Tomcat].[localhost].[/]       : Initializing Spring DispatcherServlet 'dispatcherServlet'
2022-04-25 14:06:10.394  INFO [ProcessPensionService,,] 6580 --- [http-nio-9084-exec-1] o.s.web.servlet.DispatcherServlet        : Initializing Servlet 'dispatcherServlet'
2022-04-25 14:06:10.395  INFO [ProcessPensionService,,] 6580 --- [http-nio-9084-exec-1] o.s.web.servlet.DispatcherServlet        : Completed initialization in 1 ms
2022-04-25 14:06:10.446  INFO [ProcessPensionService,8df579d4bd7aeec9,c76904356f28996b] 6580 --- [http-nio-9084-exec-1] c.c.controller.ProcessPensionController  : STARTED - allDetail
2022-04-25 14:06:11.013  INFO [ProcessPensionService,8df579d4bd7aeec9,c76904356f28996b] 6580 --- [http-nio-9084-exec-1] c.c.controller.ProcessPensionController  : END - allDetail
2022-04-25 14:06:24.388  INFO [ProcessPensionService,f522a75a64fe9a1f,b50ebed82041ec5b] 6580 --- [http-nio-9084-exec-2] c.c.controller.ProcessPensionController  : STARTED - allDetail
2022-04-25 14:06:24.401  INFO [ProcessPensionService,f522a75a64fe9a1f,b50ebed82041ec5b] 6580 --- [http-nio-9084-exec-2] c.c.controller.ProcessPensionController  : END - allDetail
2022-04-25 14:06:46.750  INFO [ProcessPensionService,f0c452b233e089a9,d3bc96d61e56ae78] 6580 --- [http-nio-9084-exec-4] c.c.controller.ProcessPensionController  : STARTED - allDetail
2022-04-25 14:06:46.764  INFO [ProcessPensionService,f0c452b233e089a9,d3bc96d61e56ae78] 6580 --- [http-nio-9084-exec-4] c.c.controller.ProcessPensionController  : END - allDetail
2022-05-19 17:56:16.003  INFO [ProcessPensionService,,] 15740 --- [restartedMain] .c.ProcessPensionMicroserviceApplication : Starting ProcessPensionMicroserviceApplication using Java 15.0.2 on sam with PID 15740 (C:\Users\sumit sahane\Downloads\5_6068926584683758823\process-pension-microservice\target\classes started by sumit sahane in C:\Users\sumit sahane\Downloads\5_6068926584683758823\process-pension-microservice)
2022-05-19 17:56:16.033  INFO [ProcessPensionService,,] 15740 --- [restartedMain] .c.ProcessPensionMicroserviceApplication : No active profile set, falling back to default profiles: default
2022-05-19 17:56:16.317  INFO [ProcessPensionService,,] 15740 --- [restartedMain] .e.DevToolsPropertyDefaultsPostProcessor : Devtools property defaults active! Set 'spring.devtools.add-properties' to 'false' to disable
2022-05-19 17:56:16.320  INFO [ProcessPensionService,,] 15740 --- [restartedMain] .e.DevToolsPropertyDefaultsPostProcessor : For additional web related logging consider setting the 'logging.level.web' property to 'DEBUG'
2022-05-19 17:56:20.230  INFO [ProcessPensionService,,] 15740 --- [restartedMain] .s.d.r.c.RepositoryConfigurationDelegate : Bootstrapping Spring Data JPA repositories in DEFAULT mode.
2022-05-19 17:56:20.413  INFO [ProcessPensionService,,] 15740 --- [restartedMain] .s.d.r.c.RepositoryConfigurationDelegate : Finished Spring Data repository scanning in 161 ms. Found 1 JPA repository interfaces.
2022-05-19 17:56:22.191  INFO [ProcessPensionService,,] 15740 --- [restartedMain] o.s.cloud.context.scope.GenericScope     : BeanFactory id=aedbabc9-619a-3221-8f27-00d06022321f
2022-05-19 17:56:25.061  INFO [ProcessPensionService,,] 15740 --- [restartedMain] o.s.b.w.embedded.tomcat.TomcatWebServer  : Tomcat initialized with port(s): 9084 (http)
2022-05-19 17:56:25.097  INFO [ProcessPensionService,,] 15740 --- [restartedMain] o.apache.catalina.core.StandardService   : Starting service [Tomcat]
2022-05-19 17:56:25.099  INFO [ProcessPensionService,,] 15740 --- [restartedMain] org.apache.catalina.core.StandardEngine  : Starting Servlet engine: [Apache Tomcat/9.0.50]
2022-05-19 17:56:25.545  INFO [ProcessPensionService,,] 15740 --- [restartedMain] o.a.c.c.C.[Tomcat].[localhost].[/]       : Initializing Spring embedded WebApplicationContext
2022-05-19 17:56:25.546  INFO [ProcessPensionService,,] 15740 --- [restartedMain] w.s.c.ServletWebServerApplicationContext : Root WebApplicationContext: initialization completed in 9217 ms
2022-05-19 17:56:25.754  INFO [ProcessPensionService,,] 15740 --- [restartedMain] com.zaxxer.hikari.HikariDataSource       : HikariPool-1 - Starting...
2022-05-19 17:56:26.407  INFO [ProcessPensionService,,] 15740 --- [restartedMain] com.zaxxer.hikari.HikariDataSource       : HikariPool-1 - Start completed.
2022-05-19 17:56:26.422  INFO [ProcessPensionService,,] 15740 --- [restartedMain] o.s.b.a.h2.H2ConsoleAutoConfiguration    : H2 console available at '/h2-console'. Database available at 'jdbc:h2:mem:testDB'
2022-05-19 17:56:27.721  INFO [ProcessPensionService,,] 15740 --- [restartedMain] o.hibernate.jpa.internal.util.LogHelper  : HHH000204: Processing PersistenceUnitInfo [name: default]
2022-05-19 17:56:27.871  INFO [ProcessPensionService,,] 15740 --- [restartedMain] org.hibernate.Version                    : HHH000412: Hibernate ORM core version 5.4.32.Final
2022-05-19 17:56:28.336  INFO [ProcessPensionService,,] 15740 --- [restartedMain] o.hibernate.annotations.common.Version   : HCANN000001: Hibernate Commons Annotations {5.1.2.Final}
2022-05-19 17:56:28.810  INFO [ProcessPensionService,,] 15740 --- [restartedMain] org.hibernate.dialect.Dialect            : HHH000400: Using dialect: org.hibernate.dialect.H2Dialect
2022-05-19 17:56:30.325  INFO [ProcessPensionService,,] 15740 --- [restartedMain] o.h.e.t.j.p.i.JtaPlatformInitiator       : HHH000490: Using JtaPlatform implementation: [org.hibernate.engine.transaction.jta.platform.internal.NoJtaPlatform]
2022-05-19 17:56:30.355  INFO [ProcessPensionService,,] 15740 --- [restartedMain] j.LocalContainerEntityManagerFactoryBean : Initialized JPA EntityManagerFactory for persistence unit 'default'
2022-05-19 17:56:30.651  WARN [ProcessPensionService,,] 15740 --- [restartedMain] o.s.b.d.a.OptionalLiveReloadServer       : Unable to start LiveReload server
2022-05-19 17:56:31.441  WARN [ProcessPensionService,,] 15740 --- [restartedMain] JpaBaseConfiguration$JpaWebConfiguration : spring.jpa.open-in-view is enabled by default. Therefore, database queries may be performed during view rendering. Explicitly configure spring.jpa.open-in-view to disable this warning
2022-05-19 17:56:37.350  INFO [ProcessPensionService,,] 15740 --- [restartedMain] o.s.b.w.embedded.tomcat.TomcatWebServer  : Tomcat started on port(s): 9084 (http) with context path ''
2022-05-19 17:56:37.641  INFO [ProcessPensionService,,] 15740 --- [restartedMain] d.s.w.p.DocumentationPluginsBootstrapper : Context refreshed
2022-05-19 17:56:37.748  INFO [ProcessPensionService,,] 15740 --- [restartedMain] d.s.w.p.DocumentationPluginsBootstrapper : Found 1 custom documentation plugin(s)
2022-05-19 17:56:37.809  INFO [ProcessPensionService,,] 15740 --- [restartedMain] s.d.s.w.s.ApiListingReferenceScanner     : Scanning for api listing references
2022-05-19 17:56:38.530  INFO [ProcessPensionService,,] 15740 --- [restartedMain] .c.ProcessPensionMicroserviceApplication : Started ProcessPensionMicroserviceApplication in 24.462 seconds (JVM running for 27.183)
2022-05-19 18:05:16.386  INFO [ProcessPensionService,,] 15740 --- [http-nio-9084-exec-1] o.a.c.c.C.[Tomcat].[localhost].[/]       : Initializing Spring DispatcherServlet 'dispatcherServlet'
2022-05-19 18:05:16.386  INFO [ProcessPensionService,,] 15740 --- [http-nio-9084-exec-1] o.s.web.servlet.DispatcherServlet        : Initializing Servlet 'dispatcherServlet'
2022-05-19 18:05:16.394  INFO [ProcessPensionService,,] 15740 --- [http-nio-9084-exec-1] o.s.web.servlet.DispatcherServlet        : Completed initialization in 8 ms
2022-05-19 18:05:16.795  INFO [ProcessPensionService,822fa38e5aea1822,de23cf4f85ccb3a2] 15740 --- [http-nio-9084-exec-1] c.c.controller.ProcessPensionController  : STARTED - allDetail
2022-05-19 18:05:19.901  INFO [ProcessPensionService,822fa38e5aea1822,de23cf4f85ccb3a2] 15740 --- [http-nio-9084-exec-1] c.c.controller.ProcessPensionController  : END - allDetail
2022-05-19 18:47:58.375  INFO [ProcessPensionService,b50052cbcbfed48d,87d1b2ea73bb39ef] 15740 --- [http-nio-9084-exec-3] c.c.controller.ProcessPensionController  : STARTED - allDetail
2022-05-19 18:47:58.505  INFO [ProcessPensionService,b50052cbcbfed48d,87d1b2ea73bb39ef] 15740 --- [http-nio-9084-exec-3] c.c.controller.ProcessPensionController  : END - allDetail
2022-05-19 18:50:19.547  INFO [ProcessPensionService,c478f9963ab71341,f25d825082fc93c3] 15740 --- [http-nio-9084-exec-4] c.c.controller.ProcessPensionController  : STARTED - allDetail
2022-05-19 18:50:19.579  INFO [ProcessPensionService,c478f9963ab71341,f25d825082fc93c3] 15740 --- [http-nio-9084-exec-4] c.c.controller.ProcessPensionController  : END - allDetail
2022-05-19 18:50:29.176  INFO [ProcessPensionService,8b74fd7e2a3327c7,9513c93db8a42c8a] 15740 --- [http-nio-9084-exec-5] c.c.controller.ProcessPensionController  : STARTED - allDetail
2022-05-19 18:50:29.228  INFO [ProcessPensionService,8b74fd7e2a3327c7,9513c93db8a42c8a] 15740 --- [http-nio-9084-exec-5] c.c.controller.ProcessPensionController  : END - allDetail
2022-05-19 18:51:49.680  INFO [ProcessPensionService,2e19c21c42b2dea5,fc9c4e48792cfc59] 15740 --- [http-nio-9084-exec-7] c.c.controller.ProcessPensionController  : STARTED - allDetail
2022-05-19 18:51:49.974  INFO [ProcessPensionService,2e19c21c42b2dea5,fc9c4e48792cfc59] 15740 --- [http-nio-9084-exec-7] c.c.service.ProcessPensionService        : STARTED - getPensionDetail
2022-05-19 18:51:49.976  INFO [ProcessPensionService,2e19c21c42b2dea5,fc9c4e48792cfc59] 15740 --- [http-nio-9084-exec-7] c.c.service.ProcessPensionService        : END - getPensionDetail
2022-05-19 18:51:49.977  INFO [ProcessPensionService,2e19c21c42b2dea5,fc9c4e48792cfc59] 15740 --- [http-nio-9084-exec-7] c.c.controller.ProcessPensionController  : END - allDetail
2022-05-19 18:51:49.977  INFO [ProcessPensionService,2e19c21c42b2dea5,fc9c4e48792cfc59] 15740 --- [http-nio-9084-exec-7] c.c.service.ProcessPensionService        : STARTED - savePensionDetail
2022-05-19 18:51:49.977  INFO [ProcessPensionService,2e19c21c42b2dea5,fc9c4e48792cfc59] 15740 --- [http-nio-9084-exec-7] c.c.service.ProcessPensionService        : END - savePensionDetail
2022-05-19 18:55:04.440  INFO [ProcessPensionService,fb08cdf22155b607,0b24b04ee2062f6c] 15740 --- [http-nio-9084-exec-9] c.c.controller.ProcessPensionController  : STARTED - allDetail
2022-05-19 18:55:04.510  INFO [ProcessPensionService,fb08cdf22155b607,0b24b04ee2062f6c] 15740 --- [http-nio-9084-exec-9] c.c.service.ProcessPensionService        : STARTED - getPensionDetail
2022-05-19 18:55:04.511  INFO [ProcessPensionService,fb08cdf22155b607,0b24b04ee2062f6c] 15740 --- [http-nio-9084-exec-9] c.c.service.ProcessPensionService        : END - getPensionDetail
2022-05-19 18:55:04.511  INFO [ProcessPensionService,fb08cdf22155b607,0b24b04ee2062f6c] 15740 --- [http-nio-9084-exec-9] c.c.controller.ProcessPensionController  : END - allDetail
2022-05-19 18:55:04.511  INFO [ProcessPensionService,fb08cdf22155b607,0b24b04ee2062f6c] 15740 --- [http-nio-9084-exec-9] c.c.service.ProcessPensionService        : STARTED - savePensionDetail
2022-05-19 18:55:04.511  INFO [ProcessPensionService,fb08cdf22155b607,0b24b04ee2062f6c] 15740 --- [http-nio-9084-exec-9] c.c.service.ProcessPensionService        : END - savePensionDetail
2022-05-19 20:33:56.043  INFO [ProcessPensionService,,] 19776 --- [restartedMain] .c.ProcessPensionMicroserviceApplication : Starting ProcessPensionMicroserviceApplication using Java 15.0.2 on sam with PID 19776 (C:\Users\sumit sahane\Downloads\5_6068926584683758823\process-pension-microservice\target\classes started by sumit sahane in C:\Users\sumit sahane\Downloads\5_6068926584683758823\process-pension-microservice)
2022-05-19 20:33:56.048  INFO [ProcessPensionService,,] 19776 --- [restartedMain] .c.ProcessPensionMicroserviceApplication : No active profile set, falling back to default profiles: default
2022-05-19 20:33:56.160  INFO [ProcessPensionService,,] 19776 --- [restartedMain] .e.DevToolsPropertyDefaultsPostProcessor : Devtools property defaults active! Set 'spring.devtools.add-properties' to 'false' to disable
2022-05-19 20:33:56.160  INFO [ProcessPensionService,,] 19776 --- [restartedMain] .e.DevToolsPropertyDefaultsPostProcessor : For additional web related logging consider setting the 'logging.level.web' property to 'DEBUG'
2022-05-19 20:33:57.781  INFO [ProcessPensionService,,] 19776 --- [restartedMain] .s.d.r.c.RepositoryConfigurationDelegate : Bootstrapping Spring Data JPA repositories in DEFAULT mode.
2022-05-19 20:33:57.862  INFO [ProcessPensionService,,] 19776 --- [restartedMain] .s.d.r.c.RepositoryConfigurationDelegate : Finished Spring Data repository scanning in 68 ms. Found 1 JPA repository interfaces.
2022-05-19 20:33:58.404  INFO [ProcessPensionService,,] 19776 --- [restartedMain] o.s.cloud.context.scope.GenericScope     : BeanFactory id=aedbabc9-619a-3221-8f27-00d06022321f
2022-05-19 20:33:59.894  INFO [ProcessPensionService,,] 19776 --- [restartedMain] o.s.b.w.embedded.tomcat.TomcatWebServer  : Tomcat initialized with port(s): 9084 (http)
2022-05-19 20:33:59.913  INFO [ProcessPensionService,,] 19776 --- [restartedMain] o.apache.catalina.core.StandardService   : Starting service [Tomcat]
2022-05-19 20:33:59.913  INFO [ProcessPensionService,,] 19776 --- [restartedMain] org.apache.catalina.core.StandardEngine  : Starting Servlet engine: [Apache Tomcat/9.0.50]
2022-05-19 20:34:00.161  INFO [ProcessPensionService,,] 19776 --- [restartedMain] o.a.c.c.C.[Tomcat].[localhost].[/]       : Initializing Spring embedded WebApplicationContext
2022-05-19 20:34:00.162  INFO [ProcessPensionService,,] 19776 --- [restartedMain] w.s.c.ServletWebServerApplicationContext : Root WebApplicationContext: initialization completed in 4001 ms
2022-05-19 20:34:00.304  INFO [ProcessPensionService,,] 19776 --- [restartedMain] com.zaxxer.hikari.HikariDataSource       : HikariPool-1 - Starting...
2022-05-19 20:34:00.616  INFO [ProcessPensionService,,] 19776 --- [restartedMain] com.zaxxer.hikari.HikariDataSource       : HikariPool-1 - Start completed.
2022-05-19 20:34:00.623  INFO [ProcessPensionService,,] 19776 --- [restartedMain] o.s.b.a.h2.H2ConsoleAutoConfiguration    : H2 console available at '/h2-console'. Database available at 'jdbc:h2:mem:testDB'
2022-05-19 20:34:01.305  INFO [ProcessPensionService,,] 19776 --- [restartedMain] o.hibernate.jpa.internal.util.LogHelper  : HHH000204: Processing PersistenceUnitInfo [name: default]
2022-05-19 20:34:01.438  INFO [ProcessPensionService,,] 19776 --- [restartedMain] org.hibernate.Version                    : HHH000412: Hibernate ORM core version 5.4.32.Final
2022-05-19 20:34:01.686  INFO [ProcessPensionService,,] 19776 --- [restartedMain] o.hibernate.annotations.common.Version   : HCANN000001: Hibernate Commons Annotations {5.1.2.Final}
2022-05-19 20:34:01.886  INFO [ProcessPensionService,,] 19776 --- [restartedMain] org.hibernate.dialect.Dialect            : HHH000400: Using dialect: org.hibernate.dialect.H2Dialect
2022-05-19 20:34:02.883  INFO [ProcessPensionService,,] 19776 --- [restartedMain] o.h.e.t.j.p.i.JtaPlatformInitiator       : HHH000490: Using JtaPlatform implementation: [org.hibernate.engine.transaction.jta.platform.internal.NoJtaPlatform]
2022-05-19 20:34:02.901  INFO [ProcessPensionService,,] 19776 --- [restartedMain] j.LocalContainerEntityManagerFactoryBean : Initialized JPA EntityManagerFactory for persistence unit 'default'
2022-05-19 20:34:03.023  WARN [ProcessPensionService,,] 19776 --- [restartedMain] o.s.b.d.a.OptionalLiveReloadServer       : Unable to start LiveReload server
2022-05-19 20:34:03.244  WARN [ProcessPensionService,,] 19776 --- [restartedMain] JpaBaseConfiguration$JpaWebConfiguration : spring.jpa.open-in-view is enabled by default. Therefore, database queries may be performed during view rendering. Explicitly configure spring.jpa.open-in-view to disable this warning
2022-05-19 20:34:05.806  INFO [ProcessPensionService,,] 19776 --- [restartedMain] o.s.b.w.embedded.tomcat.TomcatWebServer  : Tomcat started on port(s): 9084 (http) with context path ''
2022-05-19 20:34:05.912  INFO [ProcessPensionService,,] 19776 --- [restartedMain] d.s.w.p.DocumentationPluginsBootstrapper : Context refreshed
2022-05-19 20:34:05.935  INFO [ProcessPensionService,,] 19776 --- [restartedMain] d.s.w.p.DocumentationPluginsBootstrapper : Found 1 custom documentation plugin(s)
2022-05-19 20:34:05.950  INFO [ProcessPensionService,,] 19776 --- [restartedMain] s.d.s.w.s.ApiListingReferenceScanner     : Scanning for api listing references
2022-05-19 20:34:06.154  INFO [ProcessPensionService,,] 19776 --- [restartedMain] .c.ProcessPensionMicroserviceApplication : Started ProcessPensionMicroserviceApplication in 11.049 seconds (JVM running for 12.209)
2022-05-19 20:35:25.374  INFO [ProcessPensionService,,] 19776 --- [http-nio-9084-exec-1] o.a.c.c.C.[Tomcat].[localhost].[/]       : Initializing Spring DispatcherServlet 'dispatcherServlet'
2022-05-19 20:35:25.375  INFO [ProcessPensionService,,] 19776 --- [http-nio-9084-exec-1] o.s.web.servlet.DispatcherServlet        : Initializing Servlet 'dispatcherServlet'
2022-05-19 20:35:25.391  INFO [ProcessPensionService,,] 19776 --- [http-nio-9084-exec-1] o.s.web.servlet.DispatcherServlet        : Completed initialization in 15 ms
2022-05-19 20:35:25.487  INFO [ProcessPensionService,01f7813dea7be152,2eb492f07422ea72] 19776 --- [http-nio-9084-exec-1] c.c.controller.ProcessPensionController  : STARTED - allDetail
2022-05-19 20:35:26.815  INFO [ProcessPensionService,01f7813dea7be152,2eb492f07422ea72] 19776 --- [http-nio-9084-exec-1] c.c.controller.ProcessPensionController  : END - allDetail
2022-05-19 21:13:09.993  INFO [ProcessPensionService,0977d53e82bdfe46,2cbdae8bf5f82a90] 19776 --- [http-nio-9084-exec-3] c.c.controller.ProcessPensionController  : STARTED - allDetail
2022-05-19 21:13:10.132  INFO [ProcessPensionService,0977d53e82bdfe46,2cbdae8bf5f82a90] 19776 --- [http-nio-9084-exec-3] c.c.controller.ProcessPensionController  : END - allDetail
2022-05-19 21:13:33.072  INFO [ProcessPensionService,0a192a4ff381c2ea,416fa87f1f61b435] 19776 --- [http-nio-9084-exec-4] c.c.controller.ProcessPensionController  : STARTED - allDetail
2022-05-19 21:13:33.141  INFO [ProcessPensionService,0a192a4ff381c2ea,416fa87f1f61b435] 19776 --- [http-nio-9084-exec-4] c.c.controller.ProcessPensionController  : END - allDetail
2022-05-19 21:16:20.106  INFO [ProcessPensionService,097bb6359ab732ca,e274d6c8e2ae1514] 19776 --- [http-nio-9084-exec-5] c.c.controller.ProcessPensionController  : STARTED - allDetail
2022-05-19 21:16:20.135  INFO [ProcessPensionService,097bb6359ab732ca,e274d6c8e2ae1514] 19776 --- [http-nio-9084-exec-5] c.c.controller.ProcessPensionController  : END - allDetail
2022-05-19 21:16:46.054  INFO [ProcessPensionService,6e6bad598f60713f,4711ac1eddc01b8f] 19776 --- [http-nio-9084-exec-6] c.c.controller.ProcessPensionController  : STARTED - allDetail
2022-05-19 21:16:46.092  INFO [ProcessPensionService,6e6bad598f60713f,4711ac1eddc01b8f] 19776 --- [http-nio-9084-exec-6] c.c.controller.ProcessPensionController  : END - allDetail
2022-05-19 21:22:38.688  INFO [ProcessPensionService,e15539e718b79df6,cbdd97bc1116fb08] 19776 --- [http-nio-9084-exec-8] c.c.controller.ProcessPensionController  : STARTED - allDetail
2022-05-19 21:22:38.745  INFO [ProcessPensionService,e15539e718b79df6,cbdd97bc1116fb08] 19776 --- [http-nio-9084-exec-8] c.c.controller.ProcessPensionController  : END - allDetail
2022-05-19 21:27:23.260  INFO [ProcessPensionService,bac228163f046591,cd4570b4dba7e325] 19776 --- [http-nio-9084-exec-10] c.c.controller.ProcessPensionController  : STARTED - allDetail
2022-05-19 21:27:23.287  INFO [ProcessPensionService,bac228163f046591,cd4570b4dba7e325] 19776 --- [http-nio-9084-exec-10] c.c.controller.ProcessPensionController  : END - allDetail
2022-05-19 21:27:29.338  INFO [ProcessPensionService,67bace54b007f659,1c631df492a2e5e7] 19776 --- [http-nio-9084-exec-1] c.c.controller.ProcessPensionController  : STARTED - allDetail
2022-05-19 21:27:29.368  INFO [ProcessPensionService,67bace54b007f659,1c631df492a2e5e7] 19776 --- [http-nio-9084-exec-1] c.c.controller.ProcessPensionController  : END - allDetail
2022-05-19 21:27:39.672  INFO [ProcessPensionService,15004c630e7a0d6c,aa25b0dd5ba9a7af] 19776 --- [http-nio-9084-exec-2] c.c.controller.ProcessPensionController  : STARTED - allDetail
2022-05-19 21:27:39.693  INFO [ProcessPensionService,15004c630e7a0d6c,aa25b0dd5ba9a7af] 19776 --- [http-nio-9084-exec-2] c.c.controller.ProcessPensionController  : END - allDetail
2022-05-19 21:30:27.624  INFO [ProcessPensionService,5df0896beb78eb9e,14beb1444da2f3d4] 19776 --- [http-nio-9084-exec-4] c.c.controller.ProcessPensionController  : STARTED - allDetail
2022-05-19 21:30:27.644  INFO [ProcessPensionService,5df0896beb78eb9e,14beb1444da2f3d4] 19776 --- [http-nio-9084-exec-4] c.c.controller.ProcessPensionController  : END - allDetail
2022-05-19 21:30:59.179  INFO [ProcessPensionService,011d713da13becf7,d2be876bec77e9df] 19776 --- [http-nio-9084-exec-5] c.c.controller.ProcessPensionController  : STARTED - allDetail
2022-05-19 21:30:59.204  INFO [ProcessPensionService,011d713da13becf7,d2be876bec77e9df] 19776 --- [http-nio-9084-exec-5] c.c.controller.ProcessPensionController  : END - allDetail
2022-05-19 21:32:08.416  INFO [ProcessPensionService,d9262779dd61e289,417864c43c7e70db] 19776 --- [http-nio-9084-exec-6] c.c.controller.ProcessPensionController  : STARTED - allDetail
2022-05-19 21:32:08.481  INFO [ProcessPensionService,d9262779dd61e289,417864c43c7e70db] 19776 --- [http-nio-9084-exec-6] c.c.controller.ProcessPensionController  : END - allDetail
2022-05-19 21:33:00.287  INFO [ProcessPensionService,521c07e03396837d,896dcb92f3f801a6] 19776 --- [http-nio-9084-exec-7] c.c.controller.ProcessPensionController  : STARTED - allDetail
2022-05-19 21:33:00.337  INFO [ProcessPensionService,521c07e03396837d,896dcb92f3f801a6] 19776 --- [http-nio-9084-exec-7] c.c.controller.ProcessPensionController  : END - allDetail
2022-05-19 21:35:35.732  INFO [ProcessPensionService,0f44ae7ed03268cb,95b91e4dc1d46893] 19776 --- [http-nio-9084-exec-8] c.c.controller.ProcessPensionController  : STARTED - allDetail
2022-05-19 21:35:35.748  INFO [ProcessPensionService,0f44ae7ed03268cb,95b91e4dc1d46893] 19776 --- [http-nio-9084-exec-8] c.c.controller.ProcessPensionController  : END - allDetail
2022-05-19 21:35:39.848  INFO [ProcessPensionService,4665dbc0fa8fdb8c,53c4c2f9160034be] 19776 --- [http-nio-9084-exec-9] c.c.controller.ProcessPensionController  : STARTED - allDetail
2022-05-19 21:35:39.868  INFO [ProcessPensionService,4665dbc0fa8fdb8c,53c4c2f9160034be] 19776 --- [http-nio-9084-exec-9] c.c.controller.ProcessPensionController  : END - allDetail
2022-05-19 21:36:53.724  INFO [ProcessPensionService,4309c6f5843de22a,8062d67a05b3b0b2] 19776 --- [http-nio-9084-exec-1] c.c.controller.ProcessPensionController  : STARTED - allDetail
2022-05-19 21:36:53.771  INFO [ProcessPensionService,4309c6f5843de22a,8062d67a05b3b0b2] 19776 --- [http-nio-9084-exec-1] c.c.controller.ProcessPensionController  : END - allDetail
2022-05-19 21:36:58.966  INFO [ProcessPensionService,d50ef168fdfdea19,e6f52e75d1f0a530] 19776 --- [http-nio-9084-exec-2] c.c.controller.ProcessPensionController  : STARTED - allDetail
2022-05-19 21:36:58.982  INFO [ProcessPensionService,d50ef168fdfdea19,e6f52e75d1f0a530] 19776 --- [http-nio-9084-exec-2] c.c.controller.ProcessPensionController  : END - allDetail
2022-05-19 21:38:04.759  INFO [ProcessPensionService,73998d3a5393dc61,a42475bd3c1e38ce] 19776 --- [http-nio-9084-exec-4] c.c.controller.ProcessPensionController  : STARTED - allDetail
2022-05-19 21:38:04.775  INFO [ProcessPensionService,73998d3a5393dc61,a42475bd3c1e38ce] 19776 --- [http-nio-9084-exec-4] c.c.controller.ProcessPensionController  : END - allDetail
2022-05-19 21:38:27.160  INFO [ProcessPensionService,fd520e7a51acde7b,75a5216efffc9d99] 19776 --- [http-nio-9084-exec-5] c.c.controller.ProcessPensionController  : STARTED - allDetail
2022-05-19 21:38:27.176  INFO [ProcessPensionService,fd520e7a51acde7b,75a5216efffc9d99] 19776 --- [http-nio-9084-exec-5] c.c.controller.ProcessPensionController  : END - allDetail
2022-05-19 21:38:32.653  INFO [ProcessPensionService,26882cd36e55f42a,a1f0e6e78fe77527] 19776 --- [http-nio-9084-exec-6] c.c.controller.ProcessPensionController  : STARTED - allDetail
2022-05-19 21:38:32.669  INFO [ProcessPensionService,26882cd36e55f42a,a1f0e6e78fe77527] 19776 --- [http-nio-9084-exec-6] c.c.controller.ProcessPensionController  : END - allDetail
2022-05-19 21:38:51.456  INFO [ProcessPensionService,5152de9157e22735,9b837cdcffc576fa] 19776 --- [http-nio-9084-exec-7] c.c.controller.ProcessPensionController  : STARTED - allDetail
2022-05-19 21:38:51.456  INFO [ProcessPensionService,5152de9157e22735,9b837cdcffc576fa] 19776 --- [http-nio-9084-exec-7] c.c.controller.ProcessPensionController  : END - allDetail
2022-05-19 21:50:47.134  INFO [ProcessPensionService,b15aa055c776c757,f65c062416746318] 19776 --- [http-nio-9084-exec-9] c.c.controller.ProcessPensionController  : STARTED - allDetail
2022-05-19 21:50:47.165  INFO [ProcessPensionService,b15aa055c776c757,f65c062416746318] 19776 --- [http-nio-9084-exec-9] c.c.controller.ProcessPensionController  : END - allDetail
2022-05-19 21:50:57.037  INFO [ProcessPensionService,25ebdaa422db677b,aa9b09b19791fdfa] 19776 --- [http-nio-9084-exec-10] c.c.controller.ProcessPensionController  : STARTED - allDetail
2022-05-19 21:50:57.361 ERROR [ProcessPensionService,25ebdaa422db677b,aa9b09b19791fdfa] 19776 --- [http-nio-9084-exec-10] c.c.controller.ProcessPensionController  : EXCEPTION - allDetail
2022-05-19 21:50:57.374  INFO [ProcessPensionService,25ebdaa422db677b,aa9b09b19791fdfa] 19776 --- [http-nio-9084-exec-10] c.c.exception.ControllerAdviceClass      : START
2022-05-19 21:50:57.380  INFO [ProcessPensionService,25ebdaa422db677b,aa9b09b19791fdfa] 19776 --- [http-nio-9084-exec-10] c.c.exception.ControllerAdviceClass      : END
2022-05-19 21:50:57.403  WARN [ProcessPensionService,25ebdaa422db677b,aa9b09b19791fdfa] 19776 --- [http-nio-9084-exec-10] .m.m.a.ExceptionHandlerExceptionResolver : Resolved [ProcessPensionException(message=Pensioner Detail not coreect)]
2022-05-19 21:50:57.690  INFO [ProcessPensionService,d2df534bf8e13304,003c8bfe043232eb] 19776 --- [http-nio-9084-exec-1] c.c.controller.ProcessPensionController  : STARTED - allDetail
2022-05-19 21:50:57.706 ERROR [ProcessPensionService,d2df534bf8e13304,003c8bfe043232eb] 19776 --- [http-nio-9084-exec-1] c.c.controller.ProcessPensionController  : EXCEPTION - allDetail
2022-05-19 21:50:57.706  INFO [ProcessPensionService,d2df534bf8e13304,003c8bfe043232eb] 19776 --- [http-nio-9084-exec-1] c.c.exception.ControllerAdviceClass      : START
2022-05-19 21:50:57.706  INFO [ProcessPensionService,d2df534bf8e13304,003c8bfe043232eb] 19776 --- [http-nio-9084-exec-1] c.c.exception.ControllerAdviceClass      : END
2022-05-19 21:50:57.706  WARN [ProcessPensionService,d2df534bf8e13304,003c8bfe043232eb] 19776 --- [http-nio-9084-exec-1] .m.m.a.ExceptionHandlerExceptionResolver : Resolved [ProcessPensionException(message=Pensioner Detail not coreect)]
2022-05-19 21:53:12.945  INFO [ProcessPensionService,0795e4ec54640aab,0b9745404c0e945a] 19776 --- [http-nio-9084-exec-3] c.c.controller.ProcessPensionController  : STARTED - allDetail
2022-05-19 21:53:13.245  INFO [ProcessPensionService,0795e4ec54640aab,0b9745404c0e945a] 19776 --- [http-nio-9084-exec-3] c.c.service.ProcessPensionService        : STARTED - getPensionDetail
2022-05-19 21:53:13.245  INFO [ProcessPensionService,0795e4ec54640aab,0b9745404c0e945a] 19776 --- [http-nio-9084-exec-3] c.c.service.ProcessPensionService        : END - getPensionDetail
2022-05-19 21:53:13.245  INFO [ProcessPensionService,0795e4ec54640aab,0b9745404c0e945a] 19776 --- [http-nio-9084-exec-3] c.c.controller.ProcessPensionController  : END - allDetail
2022-05-19 21:53:13.245  INFO [ProcessPensionService,0795e4ec54640aab,0b9745404c0e945a] 19776 --- [http-nio-9084-exec-3] c.c.service.ProcessPensionService        : STARTED - savePensionDetail
2022-05-19 21:53:13.245  INFO [ProcessPensionService,0795e4ec54640aab,0b9745404c0e945a] 19776 --- [http-nio-9084-exec-3] c.c.service.ProcessPensionService        : END - savePensionDetail
2022-05-19 22:00:31.759  INFO [ProcessPensionService,daea6020e24901aa,9bc38d87570bbfda] 19776 --- [http-nio-9084-exec-4] c.c.controller.ProcessPensionController  : STARTED - allDetail
2022-05-19 22:00:31.791  INFO [ProcessPensionService,daea6020e24901aa,9bc38d87570bbfda] 19776 --- [http-nio-9084-exec-4] c.c.controller.ProcessPensionController  : END - allDetail
2022-05-19 22:01:39.103  INFO [ProcessPensionService,5fb455ac5596e4d4,3af49d6804ec897f] 19776 --- [http-nio-9084-exec-5] c.c.controller.ProcessPensionController  : STARTED - allDetail
2022-05-19 22:01:39.129  INFO [ProcessPensionService,5fb455ac5596e4d4,3af49d6804ec897f] 19776 --- [http-nio-9084-exec-5] c.c.controller.ProcessPensionController  : END - allDetail
2022-05-19 22:02:13.370  INFO [ProcessPensionService,6ce4e41dcc6c3464,0a7344f3e6edf9a2] 19776 --- [http-nio-9084-exec-6] c.c.controller.ProcessPensionController  : STARTED - allDetail
2022-05-19 22:02:13.394  INFO [ProcessPensionService,6ce4e41dcc6c3464,0a7344f3e6edf9a2] 19776 --- [http-nio-9084-exec-6] c.c.controller.ProcessPensionController  : END - allDetail
2022-05-19 22:02:23.692  INFO [ProcessPensionService,9804d690f28bb0ee,64ad20cd9dad35d1] 19776 --- [http-nio-9084-exec-7] c.c.controller.ProcessPensionController  : STARTED - allDetail
2022-05-19 22:02:23.741  INFO [ProcessPensionService,9804d690f28bb0ee,64ad20cd9dad35d1] 19776 --- [http-nio-9084-exec-7] c.c.controller.ProcessPensionController  : END - allDetail
2022-05-19 22:02:54.908  INFO [ProcessPensionService,ca2844ed6195a81c,abfe78404b68e651] 19776 --- [http-nio-9084-exec-8] c.c.controller.ProcessPensionController  : STARTED - allDetail
2022-05-19 22:02:54.926  INFO [ProcessPensionService,ca2844ed6195a81c,abfe78404b68e651] 19776 --- [http-nio-9084-exec-8] c.c.controller.ProcessPensionController  : END - allDetail
2022-05-19 22:03:20.395  INFO [ProcessPensionService,ad28efa1682f7726,22391be20d6ca18b] 19776 --- [http-nio-9084-exec-9] c.c.controller.ProcessPensionController  : STARTED - allDetail
2022-05-19 22:03:20.411  INFO [ProcessPensionService,ad28efa1682f7726,22391be20d6ca18b] 19776 --- [http-nio-9084-exec-9] c.c.controller.ProcessPensionController  : END - allDetail
2022-05-19 22:15:43.651  INFO [ProcessPensionService,65177db560abb748,adfcb3fea0f63b99] 19776 --- [http-nio-9084-exec-10] c.c.controller.ProcessPensionController  : STARTED - allDetail
2022-05-19 22:15:43.687  INFO [ProcessPensionService,65177db560abb748,adfcb3fea0f63b99] 19776 --- [http-nio-9084-exec-10] c.c.service.ProcessPensionService        : STARTED - getPensionDetail
2022-05-19 22:15:43.687  INFO [ProcessPensionService,65177db560abb748,adfcb3fea0f63b99] 19776 --- [http-nio-9084-exec-10] c.c.service.ProcessPensionService        : END - getPensionDetail
2022-05-19 22:15:43.687  INFO [ProcessPensionService,65177db560abb748,adfcb3fea0f63b99] 19776 --- [http-nio-9084-exec-10] c.c.controller.ProcessPensionController  : END - allDetail
2022-05-19 22:15:43.687  INFO [ProcessPensionService,65177db560abb748,adfcb3fea0f63b99] 19776 --- [http-nio-9084-exec-10] c.c.service.ProcessPensionService        : STARTED - savePensionDetail
2022-05-19 22:15:43.688  INFO [ProcessPensionService,65177db560abb748,adfcb3fea0f63b99] 19776 --- [http-nio-9084-exec-10] c.c.service.ProcessPensionService        : END - savePensionDetail
2022-05-19 22:18:18.725  INFO [ProcessPensionService,47d1cc70efc45aea,1c6db68bfd020b3c] 19776 --- [http-nio-9084-exec-1] c.c.controller.ProcessPensionController  : STARTED - allDetail
2022-05-19 22:18:18.753  INFO [ProcessPensionService,47d1cc70efc45aea,1c6db68bfd020b3c] 19776 --- [http-nio-9084-exec-1] c.c.controller.ProcessPensionController  : END - allDetail
2022-05-19 22:18:27.075  INFO [ProcessPensionService,7b0447d983ee95f4,5777c2f0a932611e] 19776 --- [http-nio-9084-exec-2] c.c.controller.ProcessPensionController  : STARTED - allDetail
2022-05-19 22:18:27.087 ERROR [ProcessPensionService,7b0447d983ee95f4,5777c2f0a932611e] 19776 --- [http-nio-9084-exec-2] c.c.controller.ProcessPensionController  : EXCEPTION - allDetail
2022-05-19 22:18:27.087  INFO [ProcessPensionService,7b0447d983ee95f4,5777c2f0a932611e] 19776 --- [http-nio-9084-exec-2] c.c.exception.ControllerAdviceClass      : START
2022-05-19 22:18:27.087  INFO [ProcessPensionService,7b0447d983ee95f4,5777c2f0a932611e] 19776 --- [http-nio-9084-exec-2] c.c.exception.ControllerAdviceClass      : END
2022-05-19 22:18:27.093  WARN [ProcessPensionService,7b0447d983ee95f4,5777c2f0a932611e] 19776 --- [http-nio-9084-exec-2] .m.m.a.ExceptionHandlerExceptionResolver : Resolved [ProcessPensionException(message=Pensioner Detail not coreect)]
2022-05-19 22:18:27.146  INFO [ProcessPensionService,67399fe38fe88b4d,f68ae0f043cafffb] 19776 --- [http-nio-9084-exec-3] c.c.controller.ProcessPensionController  : STARTED - allDetail
2022-05-19 22:18:27.187 ERROR [ProcessPensionService,67399fe38fe88b4d,f68ae0f043cafffb] 19776 --- [http-nio-9084-exec-3] c.c.controller.ProcessPensionController  : EXCEPTION - allDetail
2022-05-19 22:18:27.187  INFO [ProcessPensionService,67399fe38fe88b4d,f68ae0f043cafffb] 19776 --- [http-nio-9084-exec-3] c.c.exception.ControllerAdviceClass      : START
2022-05-19 22:18:27.188  INFO [ProcessPensionService,67399fe38fe88b4d,f68ae0f043cafffb] 19776 --- [http-nio-9084-exec-3] c.c.exception.ControllerAdviceClass      : END
2022-05-19 22:18:27.198  WARN [ProcessPensionService,67399fe38fe88b4d,f68ae0f043cafffb] 19776 --- [http-nio-9084-exec-3] .m.m.a.ExceptionHandlerExceptionResolver : Resolved [ProcessPensionException(message=Pensioner Detail not coreect)]
